Log file open, 10/19/19 13:02:57
LogWindows: Failed to load 'aqProf.dll' (GetLastError=126)
LogWindows: File 'aqProf.dll' does not exist
LogWindows: Failed to load 'VtuneApi.dll' (GetLastError=126)
LogWindows: File 'VtuneApi.dll' does not exist
LogWindows: Failed to load 'VtuneApi32e.dll' (GetLastError=126)
LogWindows: File 'VtuneApi32e.dll' does not exist
LogConsoleResponse: Display: Failed to find resolution value strings in scalability ini. Falling back to default.
LogInit: Display: Running engine for game: SuperCool
LogPlatformFile: Not using cached read wrapper
LogTaskGraph: Started task graph with 5 named threads and 35 total threads with 3 sets of task threads.
LogStats: Stats thread started at 0.102476
LogD3D11RHI: Loaded GFSDK_Aftermath_Lib.x64.dll
LogICUInternationalization: ICU TimeZone Detection - Raw Offset: +9:00, Platform Override: ''
LogPluginManager: Mounting plugin Paper2D
LogPluginManager: Mounting plugin AISupport
LogPluginManager: Mounting plugin LightPropagationVolume
LogPluginManager: Mounting plugin ActorLayerUtilities
LogPluginManager: Mounting plugin AnimationSharing
LogPluginManager: Mounting plugin CLionSourceCodeAccess
LogPluginManager: Mounting plugin CodeLiteSourceCodeAccess
LogPluginManager: Mounting plugin GitSourceControl
LogPluginManager: Mounting plugin KDevelopSourceCodeAccess
LogPluginManager: Mounting plugin NullSourceCodeAccess
LogPluginManager: Mounting plugin PerforceSourceControl
LogPluginManager: Mounting plugin SubversionSourceControl
LogPluginManager: Mounting plugin UObjectPlugin
LogPluginManager: Mounting plugin VisualStudioCodeSourceCodeAccess
LogPluginManager: Mounting plugin VisualStudioSourceCodeAccess
LogPluginManager: Mounting plugin XCodeSourceCodeAccess
LogPluginManager: Mounting plugin AssetManagerEditor
LogPluginManager: Mounting plugin CryptoKeys
LogPluginManager: Mounting plugin CurveEditorTools
LogPluginManager: Mounting plugin DataValidation
LogPluginManager: Mounting plugin FacialAnimation
LogPluginManager: Mounting plugin GameplayTagsEditor
LogPluginManager: Mounting plugin MacGraphicsSwitching
LogPluginManager: Mounting plugin MaterialAnalyzer
LogPluginManager: Mounting plugin MobileLauncherProfileWizard
LogPluginManager: Mounting plugin PluginBrowser
LogPluginManager: Mounting plugin SpeedTreeImporter
LogPluginManager: Mounting plugin DatasmithContent
LogPluginManager: Mounting plugin VariantManagerContent
LogPluginManager: Mounting plugin AlembicImporter
LogPluginManager: Mounting plugin AutomationUtils
LogPluginManager: Mounting plugin BackChannel
LogPluginManager: Mounting plugin CharacterAI
LogPluginManager: Mounting plugin GeometryCache
LogPluginManager: Mounting plugin HTML5Networking
LogPluginManager: Mounting plugin PlatformCrypto
LogPluginManager: Mounting plugin ProxyLODPlugin
LogPluginManager: Mounting plugin SkeletalReduction
LogPluginManager: Mounting plugin MagicLeap
LogPluginManager: Mounting plugin MagicLeapMedia
LogPluginManager: Mounting plugin AndroidMedia
LogPluginManager: Mounting plugin AvfMedia
LogPluginManager: Mounting plugin ImgMedia
LogPluginManager: Mounting plugin MediaCompositing
LogPluginManager: Mounting plugin MediaPlayerEditor
LogPluginManager: Mounting plugin WebMMedia
LogPluginManager: Mounting plugin WmfMedia
LogPluginManager: Mounting plugin TcpMessaging
LogPluginManager: Mounting plugin UdpMessaging
LogPluginManager: Mounting plugin ActorSequence
LogPluginManager: Mounting plugin LevelSequenceEditor
LogPluginManager: Mounting plugin MatineeToLevelSequence
LogPluginManager: Mounting plugin NetcodeUnitTest
LogPluginManager: Mounting plugin NUTUnrealEngine4
LogPluginManager: Mounting plugin OnlineSubsystemGooglePlay
LogPluginManager: Mounting plugin OnlineSubsystemIOS
LogPluginManager: Mounting plugin OnlineSubsystem
LogPluginManager: Mounting plugin OnlineSubsystemNull
LogPluginManager: Mounting plugin OnlineSubsystemUtils
LogPluginManager: Mounting plugin LauncherChunkInstaller
LogPluginManager: Mounting plugin AndroidDeviceProfileSelector
LogPluginManager: Mounting plugin AndroidMoviePlayer
LogPluginManager: Mounting plugin AndroidPermission
LogPluginManager: Mounting plugin AppleImageUtils
LogPluginManager: Mounting plugin AppleMoviePlayer
LogPluginManager: Mounting plugin ArchVisCharacter
LogPluginManager: Mounting plugin AudioCapture
LogPluginManager: Mounting plugin CableComponent
LogPluginManager: Mounting plugin CustomMeshComponent
LogPluginManager: Mounting plugin EditableMesh
LogPluginManager: Mounting plugin ExampleDeviceProfileSelector
LogPluginManager: Mounting plugin GoogleCloudMessaging
LogPluginManager: Mounting plugin GoogleVRController
LogPluginManager: Mounting plugin GoogleVRHMD
LogPluginManager: Mounting plugin IOSDeviceProfileSelector
LogPluginManager: Mounting plugin LinuxDeviceProfileSelector
LogPluginManager: Mounting plugin LocationServicesBPLibrary
LogPluginManager: Mounting plugin MobilePatchingUtils
LogPluginManager: Mounting plugin OculusVR
LogPluginManager: Mounting plugin PhysXVehicles
LogPluginManager: Mounting plugin ProceduralMeshComponent
LogPluginManager: Mounting plugin RuntimePhysXCooking
LogPluginManager: Mounting plugin SignificanceManager
LogPluginManager: Mounting plugin SteamVR
LogPluginManager: Mounting plugin WebMMoviePlayer
LogPluginManager: Mounting plugin WindowsMoviePlayer
LogPluginManager: Mounting plugin ScreenshotTools
LogInit: Using libcurl 7.55.1-DEV
LogInit:  - built for x86_64-pc-win32
LogInit:  - supports SSL with OpenSSL/1.1.1
LogInit:  - supports HTTP deflate (compression) using libz 1.2.8
LogInit:  - other features:
LogInit:      CURL_VERSION_SSL
LogInit:      CURL_VERSION_LIBZ
LogInit:      CURL_VERSION_IPV6
LogInit:      CURL_VERSION_ASYNCHDNS
LogInit:      CURL_VERSION_LARGEFILE
LogInit:      CURL_VERSION_IDN
LogInit:  CurlRequestOptions (configurable via config and command line):
LogInit:  - bVerifyPeer = true  - Libcurl will verify peer certificate
LogInit:  - bUseHttpProxy = false  - Libcurl will NOT use HTTP proxy
LogInit:  - bDontReuseConnections = false  - Libcurl will reuse connections
LogInit:  - MaxHostConnections = 16  - Libcurl will limit the number of connections to a host
LogInit:  - LocalHostAddr = Default
LogInit:  - BufferSize = 65536
LogOnline: OSS: Creating online subsystem instance for: NULL
LogInit: WinSock: version 1.1 (2.2), MaxSocks=32767, MaxUdp=65467
LogInit: Build: ++UE4+Release-4.23-CL-8386587
LogInit: Engine Version: 4.23.0-8386587+++UE4+Release-4.23
LogInit: Compatible Engine Version: 4.23.0-8386587+++UE4+Release-4.23
LogInit: Net CL: 8386587
LogInit: OS: Windows 10 (Release 1809) (), CPU: Intel(R) Core(TM) i7-8700 CPU @ 3.20GHz, GPU: Intel(R) UHD Graphics 630
LogInit: Compiled (64-bit): Aug 31 2019 02:04:44
LogInit: Compiled with Visual C++: 19.16.27030.01
LogInit: Build Configuration: Development
LogInit: Branch Name: ++UE4+Release-4.23
LogInit: Command Line: 
LogInit: Base Directory: C:/Program Files/Epic Games/UE_4.23/Engine/Binaries/Win64/
LogInit: Installed Engine Build: 1
LogDevObjectVersion: Number of dev versions registered: 23
LogDevObjectVersion:   Dev-Blueprints (B0D832E4-1F89-4F0D-ACCF-7EB736FD4AA2): 10
LogDevObjectVersion:   Dev-Build (E1C64328-A22C-4D53-A36C-8E866417BD8C): 0
LogDevObjectVersion:   Dev-Core (375EC13C-06E4-48FB-B500-84F0262A717E): 3
LogDevObjectVersion:   Dev-Editor (E4B068ED-F494-42E9-A231-DA0B2E46BB41): 34
LogDevObjectVersion:   Dev-Framework (CFFC743F-43B0-4480-9391-14DF171D2073): 35
LogDevObjectVersion:   Dev-Mobile (B02B49B5-BB20-44E9-A304-32B752E40360): 2
LogDevObjectVersion:   Dev-Networking (A4E4105C-59A1-49B5-A7C5-40C4547EDFEE): 0
LogDevObjectVersion:   Dev-Online (39C831C9-5AE6-47DC-9A44-9C173E1C8E7C): 0
LogDevObjectVersion:   Dev-Physics (78F01B33-EBEA-4F98-B9B4-84EACCB95AA2): 0
LogDevObjectVersion:   Dev-Platform (6631380F-2D4D-43E0-8009-CF276956A95A): 0
LogDevObjectVersion:   Dev-Rendering (12F88B9F-8875-4AFC-A67C-D90C383ABD29): 31
LogDevObjectVersion:   Dev-Sequencer (7B5AE74C-D270-4C10-A958-57980B212A5A): 11
LogDevObjectVersion:   Dev-VR (D7296918-1DD6-4BDD-9DE2-64A83CC13884): 2
LogDevObjectVersion:   Dev-LoadTimes (C2A15278-BFE7-4AFE-6C17-90FF531DF755): 1
LogDevObjectVersion:   Private-Geometry (6EACA3D4-40EC-4CC1-B786-8BED09428FC5): 3
LogDevObjectVersion:   Dev-AnimPhys (29E575DD-E0A3-4627-9D10-D276232CDCEA): 17
LogDevObjectVersion:   Dev-Anim (AF43A65D-7FD3-4947-9873-3E8ED9C1BB05): 2
LogDevObjectVersion:   Dev-ReflectionCapture (6B266CEC-1EC7-4B8F-A30B-E4D90942FC07): 1
LogDevObjectVersion:   Dev-Automation (0DF73D61-A23F-47EA-B727-89E90C41499A): 1
LogDevObjectVersion:   FortniteMain (601D1886-AC64-4F84-AA16-D3DE0DEAC7D6): 27
LogDevObjectVersion:   Dev-Enterprise (9DFFBCD6-494F-0158-E221-12823C92A888): 6
LogDevObjectVersion:   Dev-Niagara (F2AED0AC-9AFE-416F-8664-AA7FFA26D6FC): 1
LogDevObjectVersion:   Dev-Destruction (174F1F0B-B4C6-45A5-B13F-2EE8D0FB917D): 9
LogInit: Presizing for max 16777216 objects, including 0 objects not considered by GC, pre-allocating 0 bytes for permanent pool.
LogInit: Object subsystem initialized
LogConfig: Setting CVar [[con.DebugEarlyDefault:1]]
LogConfig: Setting CVar [[r.setres:1280x720]]
[2019.10.19-04.02.57:703][  0]LogConfig: Setting CVar [[r.VSync:0]]
[2019.10.19-04.02.57:703][  0]LogConfig: Setting CVar [[r.RHICmdBypass:0]]
[2019.10.19-04.02.57:704][  0]LogConfig: Applying CVar settings from Section [/Script/Engine.RendererSettings] File [C:/Users/tmdgu/OneDrive/바탕 화면/SuperCool/Saved/Config/Windows/Engine.ini]
[2019.10.19-04.02.57:704][  0]LogConfig: Setting CVar [[r.GPUCrashDebugging:0]]
[2019.10.19-04.02.57:704][  0]LogConfig: Applying CVar settings from Section [/Script/Engine.RendererOverrideSettings] File [C:/Users/tmdgu/OneDrive/바탕 화면/SuperCool/Saved/Config/Windows/Engine.ini]
[2019.10.19-04.02.57:704][  0]LogConfig: Applying CVar settings from Section [/Script/Engine.StreamingSettings] File [C:/Users/tmdgu/OneDrive/바탕 화면/SuperCool/Saved/Config/Windows/Engine.ini]
[2019.10.19-04.02.57:704][  0]LogConfig: Setting CVar [[s.MinBulkDataSizeForAsyncLoading:131072]]
[2019.10.19-04.02.57:704][  0]LogConfig: Setting CVar [[s.AsyncLoadingThreadEnabled:0]]
[2019.10.19-04.02.57:704][  0]LogConfig: Setting CVar [[s.EventDrivenLoaderEnabled:1]]
[2019.10.19-04.02.57:704][  0]LogConfig: Setting CVar [[s.WarnIfTimeLimitExceeded:0]]
[2019.10.19-04.02.57:704][  0]LogConfig: Setting CVar [[s.TimeLimitExceededMultiplier:1.5]]
[2019.10.19-04.02.57:704][  0]LogConfig: Setting CVar [[s.TimeLimitExceededMinTime:0.005]]
[2019.10.19-04.02.57:704][  0]LogConfig: Setting CVar [[s.UseBackgroundLevelStreaming:1]]
[2019.10.19-04.02.57:704][  0]LogConfig: Setting CVar [[s.PriorityAsyncLoadingExtraTime:15.0]]
[2019.10.19-04.02.57:704][  0]LogConfig: Setting CVar [[s.LevelStreamingActorsUpdateTimeLimit:5.0]]
[2019.10.19-04.02.57:704][  0]LogConfig: Setting CVar [[s.PriorityLevelStreamingActorsUpdateExtraTime:5.0]]
[2019.10.19-04.02.57:704][  0]LogConfig: Setting CVar [[s.LevelStreamingComponentsRegistrationGranularity:10]]
[2019.10.19-04.02.57:704][  0]LogConfig: Setting CVar [[s.UnregisterComponentsTimeLimit:1.0]]
[2019.10.19-04.02.57:704][  0]LogConfig: Setting CVar [[s.LevelStreamingComponentsUnregistrationGranularity:5]]
[2019.10.19-04.02.57:704][  0]LogConfig: Applying CVar settings from Section [/Script/Engine.GarbageCollectionSettings] File [C:/Users/tmdgu/OneDrive/바탕 화면/SuperCool/Saved/Config/Windows/Engine.ini]
[2019.10.19-04.02.57:704][  0]LogConfig: Setting CVar [[gc.MaxObjectsNotConsideredByGC:1]]
[2019.10.19-04.02.57:704][  0]LogConfig: Setting CVar [[gc.SizeOfPermanentObjectPool:0]]
[2019.10.19-04.02.57:704][  0]LogConfig: Setting CVar [[gc.FlushStreamingOnGC:0]]
[2019.10.19-04.02.57:704][  0]LogConfig: Setting CVar [[gc.NumRetriesBeforeForcingGC:10]]
[2019.10.19-04.02.57:704][  0]LogConfig: Setting CVar [[gc.AllowParallelGC:1]]
[2019.10.19-04.02.57:704][  0]LogConfig: Setting CVar [[gc.TimeBetweenPurgingPendingKillObjects:61.1]]
[2019.10.19-04.02.57:704][  0]LogConfig: Setting CVar [[gc.MaxObjectsInEditor:16777216]]
[2019.10.19-04.02.57:704][  0]LogConfig: Setting CVar [[gc.IncrementalBeginDestroyEnabled:1]]
[2019.10.19-04.02.57:704][  0]LogConfig: Setting CVar [[gc.CreateGCClusters:1]]
[2019.10.19-04.02.57:705][  0]LogConfig: Setting CVar [[gc.MinGCClusterSize:5]]
[2019.10.19-04.02.57:705][  0]LogConfig: Setting CVar [[gc.ActorClusteringEnabled:0]]
[2019.10.19-04.02.57:705][  0]LogConfig: Setting CVar [[gc.BlueprintClusteringEnabled:0]]
[2019.10.19-04.02.57:705][  0]LogConfig: Setting CVar [[gc.UseDisregardForGCOnDedicatedServers:0]]
[2019.10.19-04.02.57:705][  0]LogConfig: Applying CVar settings from Section [/Script/Engine.NetworkSettings] File [C:/Users/tmdgu/OneDrive/바탕 화면/SuperCool/Saved/Config/Windows/Engine.ini]
[2019.10.19-04.02.57:705][  0]LogConfig: Applying CVar settings from Section [/Script/UnrealEd.CookerSettings] File [C:/Users/tmdgu/OneDrive/바탕 화면/SuperCool/Saved/Config/Windows/Engine.ini]
[2019.10.19-04.02.57:710][  0]LogConfig: Applying CVar settings from Section [ViewDistanceQuality@3] File [C:/Users/tmdgu/OneDrive/바탕 화면/SuperCool/Saved/Config/Windows/Scalability.ini]
[2019.10.19-04.02.57:710][  0]LogConfig: Setting CVar [[r.SkeletalMeshLODBias:0]]
[2019.10.19-04.02.57:710][  0]LogConfig: Setting CVar [[r.ViewDistanceScale:1.0]]
[2019.10.19-04.02.57:710][  0]LogConfig: Applying CVar settings from Section [AntiAliasingQuality@3] File [C:/Users/tmdgu/OneDrive/바탕 화면/SuperCool/Saved/Config/Windows/Scalability.ini]
[2019.10.19-04.02.57:710][  0]LogConfig: Setting CVar [[r.PostProcessAAQuality:4]]
[2019.10.19-04.02.57:710][  0]LogConfig: Applying CVar settings from Section [ShadowQuality@3] File [C:/Users/tmdgu/OneDrive/바탕 화면/SuperCool/Saved/Config/Windows/Scalability.ini]
[2019.10.19-04.02.57:710][  0]LogConfig: Setting CVar [[r.LightFunctionQuality:1]]
[2019.10.19-04.02.57:710][  0]LogConfig: Setting CVar [[r.ShadowQuality:5]]
[2019.10.19-04.02.57:710][  0]LogConfig: Setting CVar [[r.Shadow.CSM.MaxCascades:10]]
[2019.10.19-04.02.57:710][  0]LogConfig: Setting CVar [[r.Shadow.MaxResolution:2048]]
[2019.10.19-04.02.57:710][  0]LogConfig: Setting CVar [[r.Shadow.MaxCSMResolution:2048]]
[2019.10.19-04.02.57:710][  0]LogConfig: Setting CVar [[r.Shadow.RadiusThreshold:0.01]]
[2019.10.19-04.02.57:710][  0]LogConfig: Setting CVar [[r.Shadow.DistanceScale:1.0]]
[2019.10.19-04.02.57:710][  0]LogConfig: Setting CVar [[r.Shadow.CSM.TransitionScale:1.0]]
[2019.10.19-04.02.57:710][  0]LogConfig: Setting CVar [[r.Shadow.PreShadowResolutionFactor:1.0]]
[2019.10.19-04.02.57:710][  0]LogConfig: Setting CVar [[r.DistanceFieldShadowing:1]]
[2019.10.19-04.02.57:710][  0]LogConfig: Setting CVar [[r.DistanceFieldAO:1]]
[2019.10.19-04.02.57:710][  0]LogConfig: Setting CVar [[r.AOQuality:2]]
[2019.10.19-04.02.57:710][  0]LogConfig: Setting CVar [[r.VolumetricFog:1]]
[2019.10.19-04.02.57:710][  0]LogConfig: Setting CVar [[r.VolumetricFog.GridPixelSize:8]]
[2019.10.19-04.02.57:710][  0]LogConfig: Setting CVar [[r.VolumetricFog.GridSizeZ:128]]
[2019.10.19-04.02.57:710][  0]LogConfig: Setting CVar [[r.VolumetricFog.HistoryMissSupersampleCount:4]]
[2019.10.19-04.02.57:710][  0]LogConfig: Setting CVar [[r.LightMaxDrawDistanceScale:1]]
[2019.10.19-04.02.57:710][  0]LogConfig: Setting CVar [[r.CapsuleShadows:1]]
[2019.10.19-04.02.57:710][  0]LogConfig: Applying CVar settings from Section [PostProcessQuality@3] File [C:/Users/tmdgu/OneDrive/바탕 화면/SuperCool/Saved/Config/Windows/Scalability.ini]
[2019.10.19-04.02.57:710][  0]LogConfig: Setting CVar [[r.MotionBlurQuality:4]]
[2019.10.19-04.02.57:710][  0]LogConfig: Setting CVar [[r.AmbientOcclusionMipLevelFactor:0.4]]
[2019.10.19-04.02.57:710][  0]LogConfig: Setting CVar [[r.AmbientOcclusionMaxQuality:100]]
[2019.10.19-04.02.57:710][  0]LogConfig: Setting CVar [[r.AmbientOcclusionLevels:-1]]
[2019.10.19-04.02.57:710][  0]LogConfig: Setting CVar [[r.AmbientOcclusionRadiusScale:1.0]]
[2019.10.19-04.02.57:710][  0]LogConfig: Setting CVar [[r.DepthOfFieldQuality:2]]
[2019.10.19-04.02.57:710][  0]LogConfig: Setting CVar [[r.RenderTargetPoolMin:400]]
[2019.10.19-04.02.57:710][  0]LogConfig: Setting CVar [[r.LensFlareQuality:2]]
[2019.10.19-04.02.57:710][  0]LogConfig: Setting CVar [[r.SceneColorFringeQuality:1]]
[2019.10.19-04.02.57:710][  0]LogConfig: Setting CVar [[r.EyeAdaptationQuality:2]]
[2019.10.19-04.02.57:710][  0]LogConfig: Setting CVar [[r.BloomQuality:5]]
[2019.10.19-04.02.57:710][  0]LogConfig: Setting CVar [[r.FastBlurThreshold:100]]
[2019.10.19-04.02.57:710][  0]LogConfig: Setting CVar [[r.Upscale.Quality:3]]
[2019.10.19-04.02.57:710][  0]LogConfig: Setting CVar [[r.Tonemapper.GrainQuantization:1]]
[2019.10.19-04.02.57:710][  0]LogConfig: Setting CVar [[r.LightShaftQuality:1]]
[2019.10.19-04.02.57:710][  0]LogConfig: Setting CVar [[r.Filter.SizeScale:1]]
[2019.10.19-04.02.57:710][  0]LogConfig: Setting CVar [[r.Tonemapper.Quality:5]]
[2019.10.19-04.02.57:710][  0]LogConfig: Setting CVar [[r.DOF.Gather.AccumulatorQuality:1        ; higher gathering accumulator quality]]
[2019.10.19-04.02.57:710][  0]LogConfig: Setting CVar [[r.DOF.Gather.PostfilterMethod:1          ; Median3x3 postfilering method]]
[2019.10.19-04.02.57:710][  0]LogConfig: Setting CVar [[r.DOF.Gather.EnableBokehSettings:0       ; no bokeh simulation when gathering]]
[2019.10.19-04.02.57:710][  0]LogConfig: Setting CVar [[r.DOF.Gather.RingCount:4                 ; medium number of samples when gathering]]
[2019.10.19-04.02.57:710][  0]LogConfig: Setting CVar [[r.DOF.Scatter.ForegroundCompositing:1    ; additive foreground scattering]]
[2019.10.19-04.02.57:710][  0]LogConfig: Setting CVar [[r.DOF.Scatter.BackgroundCompositing:2    ; additive background scattering]]
[2019.10.19-04.02.57:710][  0]LogConfig: Setting CVar [[r.DOF.Scatter.EnableBokehSettings:1      ; bokeh simulation when scattering]]
[2019.10.19-04.02.57:710][  0]LogConfig: Setting CVar [[r.DOF.Scatter.MaxSpriteRatio:0.1         ; only a maximum of 10% of scattered bokeh]]
[2019.10.19-04.02.57:711][  0]LogConfig: Setting CVar [[r.DOF.Recombine.Quality:1                ; cheap slight out of focus]]
[2019.10.19-04.02.57:711][  0]LogConfig: Setting CVar [[r.DOF.Recombine.EnableBokehSettings:0    ; no bokeh simulation on slight out of focus]]
[2019.10.19-04.02.57:711][  0]LogConfig: Setting CVar [[r.DOF.TemporalAAQuality:1                ; more stable temporal accumulation]]
[2019.10.19-04.02.57:711][  0]LogConfig: Setting CVar [[r.DOF.Kernel.MaxForegroundRadius:0.025]]
[2019.10.19-04.02.57:711][  0]LogConfig: Setting CVar [[r.DOF.Kernel.MaxBackgroundRadius:0.025]]
[2019.10.19-04.02.57:711][  0]LogConfig: Applying CVar settings from Section [TextureQuality@3] File [C:/Users/tmdgu/OneDrive/바탕 화면/SuperCool/Saved/Config/Windows/Scalability.ini]
[2019.10.19-04.02.57:711][  0]LogConfig: Setting CVar [[r.Streaming.MipBias:0]]
[2019.10.19-04.02.57:711][  0]LogConfig: Setting CVar [[r.Streaming.AmortizeCPUToGPUCopy:0]]
[2019.10.19-04.02.57:711][  0]LogConfig: Setting CVar [[r.Streaming.MaxNumTexturesToStreamPerFrame:0]]
[2019.10.19-04.02.57:711][  0]LogConfig: Setting CVar [[r.Streaming.Boost:1]]
[2019.10.19-04.02.57:711][  0]LogConfig: Setting CVar [[r.MaxAnisotropy:8]]
[2019.10.19-04.02.57:711][  0]LogConfig: Setting CVar [[r.Streaming.LimitPoolSizeToVRAM:0]]
[2019.10.19-04.02.57:711][  0]LogConfig: Setting CVar [[r.Streaming.PoolSize:1000]]
[2019.10.19-04.02.57:711][  0]LogConfig: Setting CVar [[r.Streaming.MaxEffectiveScreenSize:0]]
[2019.10.19-04.02.57:711][  0]LogConfig: Applying CVar settings from Section [EffectsQuality@3] File [C:/Users/tmdgu/OneDrive/바탕 화면/SuperCool/Saved/Config/Windows/Scalability.ini]
[2019.10.19-04.02.57:711][  0]LogConfig: Setting CVar [[r.TranslucencyLightingVolumeDim:64]]
[2019.10.19-04.02.57:711][  0]LogConfig: Setting CVar [[r.RefractionQuality:2]]
[2019.10.19-04.02.57:711][  0]LogConfig: Setting CVar [[r.SSR.Quality:3]]
[2019.10.19-04.02.57:711][  0]LogConfig: Setting CVar [[r.SceneColorFormat:4]]
[2019.10.19-04.02.57:711][  0]LogConfig: Setting CVar [[r.DetailMode:2]]
[2019.10.19-04.02.57:711][  0]LogConfig: Setting CVar [[r.TranslucencyVolumeBlur:1]]
[2019.10.19-04.02.57:711][  0]LogConfig: Setting CVar [[r.MaterialQualityLevel:1 ; High quality]]
[2019.10.19-04.02.57:711][  0]LogConfig: Setting CVar [[r.SSS.Scale:1]]
[2019.10.19-04.02.57:711][  0]LogConfig: Setting CVar [[r.SSS.SampleSet:2]]
[2019.10.19-04.02.57:711][  0]LogConfig: Setting CVar [[r.SSS.Quality:1]]
[2019.10.19-04.02.57:711][  0]LogConfig: Setting CVar [[r.SSS.HalfRes:1]]
[2019.10.19-04.02.57:711][  0]LogConfig: Setting CVar [[r.EmitterSpawnRateScale:1.0]]
[2019.10.19-04.02.57:711][  0]LogConfig: Setting CVar [[r.ParticleLightQuality:2]]
[2019.10.19-04.02.57:711][  0]LogConfig: Applying CVar settings from Section [FoliageQuality@3] File [C:/Users/tmdgu/OneDrive/바탕 화면/SuperCool/Saved/Config/Windows/Scalability.ini]
[2019.10.19-04.02.57:711][  0]LogConfig: Setting CVar [[foliage.DensityScale:1.0]]
[2019.10.19-04.02.57:711][  0]LogConfig: Setting CVar [[grass.DensityScale:1.0]]
[2019.10.19-04.02.57:712][  0]LogInit: Selected Device Profile: [Windows]
[2019.10.19-04.02.57:712][  0]LogInit: Applying CVar settings loaded from the selected device profile: [Windows]
[2019.10.19-04.02.57:722][  0]LogHAL: Display: Platform has ~ 32 GB [34122735616 / 34359738368 / 32], which maps to Largest [LargestMinGB=32, LargerMinGB=12, DefaultMinGB=8, SmallerMinGB=6, SmallestMinGB=0)
[2019.10.19-04.02.57:722][  0]LogInit: Going up to parent DeviceProfile []
[2019.10.19-04.02.57:723][  0]LogConfig: Applying CVar settings from Section [ViewDistanceQuality@3] File [C:/Users/tmdgu/OneDrive/바탕 화면/SuperCool/Saved/Config/Windows/Scalability.ini]
[2019.10.19-04.02.57:723][  0]LogConfig: Setting CVar [[r.SkeletalMeshLODBias:0]]
[2019.10.19-04.02.57:723][  0]LogConfig: Setting CVar [[r.ViewDistanceScale:1.0]]
[2019.10.19-04.02.57:723][  0]LogConfig: Applying CVar settings from Section [AntiAliasingQuality@3] File [C:/Users/tmdgu/OneDrive/바탕 화면/SuperCool/Saved/Config/Windows/Scalability.ini]
[2019.10.19-04.02.57:723][  0]LogConfig: Setting CVar [[r.PostProcessAAQuality:4]]
[2019.10.19-04.02.57:723][  0]LogConfig: Applying CVar settings from Section [ShadowQuality@3] File [C:/Users/tmdgu/OneDrive/바탕 화면/SuperCool/Saved/Config/Windows/Scalability.ini]
[2019.10.19-04.02.57:723][  0]LogConfig: Setting CVar [[r.LightFunctionQuality:1]]
[2019.10.19-04.02.57:723][  0]LogConfig: Setting CVar [[r.ShadowQuality:5]]
[2019.10.19-04.02.57:723][  0]LogConfig: Setting CVar [[r.Shadow.CSM.MaxCascades:10]]
[2019.10.19-04.02.57:723][  0]LogConfig: Setting CVar [[r.Shadow.MaxResolution:2048]]
[2019.10.19-04.02.57:723][  0]LogConfig: Setting CVar [[r.Shadow.MaxCSMResolution:2048]]
[2019.10.19-04.02.57:723][  0]LogConfig: Setting CVar [[r.Shadow.RadiusThreshold:0.01]]
[2019.10.19-04.02.57:723][  0]LogConfig: Setting CVar [[r.Shadow.DistanceScale:1.0]]
[2019.10.19-04.02.57:723][  0]LogConfig: Setting CVar [[r.Shadow.CSM.TransitionScale:1.0]]
[2019.10.19-04.02.57:723][  0]LogConfig: Setting CVar [[r.Shadow.PreShadowResolutionFactor:1.0]]
[2019.10.19-04.02.57:723][  0]LogConfig: Setting CVar [[r.DistanceFieldShadowing:1]]
[2019.10.19-04.02.57:723][  0]LogConfig: Setting CVar [[r.DistanceFieldAO:1]]
[2019.10.19-04.02.57:723][  0]LogConfig: Setting CVar [[r.AOQuality:2]]
[2019.10.19-04.02.57:723][  0]LogConfig: Setting CVar [[r.VolumetricFog:1]]
[2019.10.19-04.02.57:723][  0]LogConfig: Setting CVar [[r.VolumetricFog.GridPixelSize:8]]
[2019.10.19-04.02.57:724][  0]LogConfig: Setting CVar [[r.VolumetricFog.GridSizeZ:128]]
[2019.10.19-04.02.57:724][  0]LogConfig: Setting CVar [[r.VolumetricFog.HistoryMissSupersampleCount:4]]
[2019.10.19-04.02.57:724][  0]LogConfig: Setting CVar [[r.LightMaxDrawDistanceScale:1]]
[2019.10.19-04.02.57:724][  0]LogConfig: Setting CVar [[r.CapsuleShadows:1]]
[2019.10.19-04.02.57:724][  0]LogConfig: Applying CVar settings from Section [PostProcessQuality@3] File [C:/Users/tmdgu/OneDrive/바탕 화면/SuperCool/Saved/Config/Windows/Scalability.ini]
[2019.10.19-04.02.57:724][  0]LogConfig: Setting CVar [[r.MotionBlurQuality:4]]
[2019.10.19-04.02.57:724][  0]LogConfig: Setting CVar [[r.AmbientOcclusionMipLevelFactor:0.4]]
[2019.10.19-04.02.57:724][  0]LogConfig: Setting CVar [[r.AmbientOcclusionMaxQuality:100]]
[2019.10.19-04.02.57:724][  0]LogConfig: Setting CVar [[r.AmbientOcclusionLevels:-1]]
[2019.10.19-04.02.57:724][  0]LogConfig: Setting CVar [[r.AmbientOcclusionRadiusScale:1.0]]
[2019.10.19-04.02.57:724][  0]LogConfig: Setting CVar [[r.DepthOfFieldQuality:2]]
[2019.10.19-04.02.57:724][  0]LogConfig: Setting CVar [[r.RenderTargetPoolMin:400]]
[2019.10.19-04.02.57:724][  0]LogConfig: Setting CVar [[r.LensFlareQuality:2]]
[2019.10.19-04.02.57:724][  0]LogConfig: Setting CVar [[r.SceneColorFringeQuality:1]]
[2019.10.19-04.02.57:724][  0]LogConfig: Setting CVar [[r.EyeAdaptationQuality:2]]
[2019.10.19-04.02.57:724][  0]LogConfig: Setting CVar [[r.BloomQuality:5]]
[2019.10.19-04.02.57:724][  0]LogConfig: Setting CVar [[r.FastBlurThreshold:100]]
[2019.10.19-04.02.57:724][  0]LogConfig: Setting CVar [[r.Upscale.Quality:3]]
[2019.10.19-04.02.57:724][  0]LogConfig: Setting CVar [[r.Tonemapper.GrainQuantization:1]]
[2019.10.19-04.02.57:724][  0]LogConfig: Setting CVar [[r.LightShaftQuality:1]]
[2019.10.19-04.02.57:724][  0]LogConfig: Setting CVar [[r.Filter.SizeScale:1]]
[2019.10.19-04.02.57:724][  0]LogConfig: Setting CVar [[r.Tonemapper.Quality:5]]
[2019.10.19-04.02.57:724][  0]LogConfig: Setting CVar [[r.DOF.Gather.AccumulatorQuality:1        ; higher gathering accumulator quality]]
[2019.10.19-04.02.57:724][  0]LogConfig: Setting CVar [[r.DOF.Gather.PostfilterMethod:1          ; Median3x3 postfilering method]]
[2019.10.19-04.02.57:724][  0]LogConfig: Setting CVar [[r.DOF.Gather.EnableBokehSettings:0       ; no bokeh simulation when gathering]]
[2019.10.19-04.02.57:724][  0]LogConfig: Setting CVar [[r.DOF.Gather.RingCount:4                 ; medium number of samples when gathering]]
[2019.10.19-04.02.57:724][  0]LogConfig: Setting CVar [[r.DOF.Scatter.ForegroundCompositing:1    ; additive foreground scattering]]
[2019.10.19-04.02.57:724][  0]LogConfig: Setting CVar [[r.DOF.Scatter.BackgroundCompositing:2    ; additive background scattering]]
[2019.10.19-04.02.57:724][  0]LogConfig: Setting CVar [[r.DOF.Scatter.EnableBokehSettings:1      ; bokeh simulation when scattering]]
[2019.10.19-04.02.57:724][  0]LogConfig: Setting CVar [[r.DOF.Scatter.MaxSpriteRatio:0.1         ; only a maximum of 10% of scattered bokeh]]
[2019.10.19-04.02.57:724][  0]LogConfig: Setting CVar [[r.DOF.Recombine.Quality:1                ; cheap slight out of focus]]
[2019.10.19-04.02.57:724][  0]LogConfig: Setting CVar [[r.DOF.Recombine.EnableBokehSettings:0    ; no bokeh simulation on slight out of focus]]
[2019.10.19-04.02.57:724][  0]LogConfig: Setting CVar [[r.DOF.TemporalAAQuality:1                ; more stable temporal accumulation]]
[2019.10.19-04.02.57:724][  0]LogConfig: Setting CVar [[r.DOF.Kernel.MaxForegroundRadius:0.025]]
[2019.10.19-04.02.57:724][  0]LogConfig: Setting CVar [[r.DOF.Kernel.MaxBackgroundRadius:0.025]]
[2019.10.19-04.02.57:724][  0]LogConfig: Applying CVar settings from Section [TextureQuality@3] File [C:/Users/tmdgu/OneDrive/바탕 화면/SuperCool/Saved/Config/Windows/Scalability.ini]
[2019.10.19-04.02.57:724][  0]LogConfig: Setting CVar [[r.Streaming.MipBias:0]]
[2019.10.19-04.02.57:724][  0]LogConfig: Setting CVar [[r.Streaming.AmortizeCPUToGPUCopy:0]]
[2019.10.19-04.02.57:724][  0]LogConfig: Setting CVar [[r.Streaming.MaxNumTexturesToStreamPerFrame:0]]
[2019.10.19-04.02.57:724][  0]LogConfig: Setting CVar [[r.Streaming.Boost:1]]
[2019.10.19-04.02.57:724][  0]LogConfig: Setting CVar [[r.MaxAnisotropy:8]]
[2019.10.19-04.02.57:724][  0]LogConfig: Setting CVar [[r.Streaming.LimitPoolSizeToVRAM:0]]
[2019.10.19-04.02.57:724][  0]LogConfig: Setting CVar [[r.Streaming.PoolSize:1000]]
[2019.10.19-04.02.57:724][  0]LogConfig: Setting CVar [[r.Streaming.MaxEffectiveScreenSize:0]]
[2019.10.19-04.02.57:724][  0]LogConfig: Applying CVar settings from Section [EffectsQuality@3] File [C:/Users/tmdgu/OneDrive/바탕 화면/SuperCool/Saved/Config/Windows/Scalability.ini]
[2019.10.19-04.02.57:724][  0]LogConfig: Setting CVar [[r.TranslucencyLightingVolumeDim:64]]
[2019.10.19-04.02.57:724][  0]LogConfig: Setting CVar [[r.RefractionQuality:2]]
[2019.10.19-04.02.57:724][  0]LogConfig: Setting CVar [[r.SSR.Quality:3]]
[2019.10.19-04.02.57:724][  0]LogConfig: Setting CVar [[r.SceneColorFormat:4]]
[2019.10.19-04.02.57:724][  0]LogConfig: Setting CVar [[r.DetailMode:2]]
[2019.10.19-04.02.57:724][  0]LogConfig: Setting CVar [[r.TranslucencyVolumeBlur:1]]
[2019.10.19-04.02.57:724][  0]LogConfig: Setting CVar [[r.MaterialQualityLevel:1 ; High quality]]
[2019.10.19-04.02.57:724][  0]LogConfig: Setting CVar [[r.SSS.Scale:1]]
[2019.10.19-04.02.57:724][  0]LogConfig: Setting CVar [[r.SSS.SampleSet:2]]
[2019.10.19-04.02.57:724][  0]LogConfig: Setting CVar [[r.SSS.Quality:1]]
[2019.10.19-04.02.57:724][  0]LogConfig: Setting CVar [[r.SSS.HalfRes:1]]
[2019.10.19-04.02.57:724][  0]LogConfig: Setting CVar [[r.EmitterSpawnRateScale:1.0]]
[2019.10.19-04.02.57:724][  0]LogConfig: Setting CVar [[r.ParticleLightQuality:2]]
[2019.10.19-04.02.57:724][  0]LogConfig: Applying CVar settings from Section [FoliageQuality@3] File [C:/Users/tmdgu/OneDrive/바탕 화면/SuperCool/Saved/Config/Windows/Scalability.ini]
[2019.10.19-04.02.57:724][  0]LogConfig: Setting CVar [[foliage.DensityScale:1.0]]
[2019.10.19-04.02.57:724][  0]LogConfig: Setting CVar [[grass.DensityScale:1.0]]
[2019.10.19-04.02.57:724][  0]LogConfig: Applying CVar settings from Section [Startup] File [../../../Engine/Config/ConsoleVariables.ini]
[2019.10.19-04.02.57:728][  0]LogConfig: Setting CVar [[net.UseAdaptiveNetUpdateFrequency:0]]
[2019.10.19-04.02.57:728][  0]LogConfig: Setting CVar [[p.chaos.AllowCreatePhysxBodies:1]]
[2019.10.19-04.02.57:728][  0]LogConfig: Applying CVar settings from Section [ConsoleVariables] File [C:/Users/tmdgu/OneDrive/바탕 화면/SuperCool/Saved/Config/Windows/Engine.ini]
[2019.10.19-04.02.57:731][  0]LogInit: Computer: DESKTOP-CRKGE1U
[2019.10.19-04.02.57:731][  0]LogInit: User: st
[2019.10.19-04.02.57:731][  0]LogInit: CPU Page size=4096, Cores=6
[2019.10.19-04.02.57:731][  0]LogInit: High frequency timer resolution =10.000000 MHz
[2019.10.19-04.02.57:733][  0]LogMemory: Memory total: Physical=31.8GB (32GB approx)
[2019.10.19-04.02.57:733][  0]LogMemory: Platform Memory Stats for Windows
[2019.10.19-04.02.57:733][  0]LogMemory: Process Physical Memory: 102.82 MB used, 102.82 MB peak
[2019.10.19-04.02.57:733][  0]LogMemory: Process Virtual Memory: 100.17 MB used, 100.17 MB peak
[2019.10.19-04.02.57:733][  0]LogMemory: Physical Memory: 5854.28 MB used,  26687.70 MB free, 32541.98 MB total
[2019.10.19-04.02.57:733][  0]LogMemory: Virtual Memory: 4700.65 MB used,  134213024.00 MB free, 134217728.00 MB total
[2019.10.19-04.02.57:738][  0]LogWindows: WindowsPlatformFeatures enabled
[2019.10.19-04.02.57:941][  0]LogInit: Using OS detected language (ko-KR).
[2019.10.19-04.02.57:941][  0]LogInit: Using OS detected locale (ko-KR).
[2019.10.19-04.02.57:942][  0]LogTextLocalizationManager: No specific localization for 'ko-KR' exists, so the 'ko' localization will be used.
[2019.10.19-04.02.58:108][  0]LogInit: Setting process to per monitor DPI aware
[2019.10.19-04.02.58:183][  0]LogSlate: New Slate User Created.  User Index 0, Is Virtual User: 0
[2019.10.19-04.02.58:183][  0]LogSlate: Slate User Registered.  User Index 0, Is Virtual User: 0
[2019.10.19-04.02.59:626][  0]LogHMD: Failed to initialize OpenVR with code 110
[2019.10.19-04.02.59:626][  0]LogD3D11RHI: D3D11 adapters:
[2019.10.19-04.02.59:692][  0]LogD3D11RHI:    0. 'Intel(R) UHD Graphics 630' (Feature Level 11_0)
[2019.10.19-04.02.59:692][  0]LogD3D11RHI:       128/0/16270 MB DedicatedVideo/DedicatedSystem/SharedSystem, Outputs:1, VendorId:0x8086
[2019.10.19-04.02.59:755][  0]LogD3D11RHI:    1. 'NVIDIA GeForce RTX 2080' (Feature Level 11_0)
[2019.10.19-04.02.59:755][  0]LogD3D11RHI:       8010/0/16270 MB DedicatedVideo/DedicatedSystem/SharedSystem, Outputs:0, VendorId:0x10de
[2019.10.19-04.02.59:756][  0]LogD3D11RHI:    2. 'Microsoft Basic Render Driver' (Feature Level 11_0)
[2019.10.19-04.02.59:756][  0]LogD3D11RHI:       0/0/16270 MB DedicatedVideo/DedicatedSystem/SharedSystem, Outputs:0, VendorId:0x1414
[2019.10.19-04.02.59:756][  0]LogD3D11RHI: Chosen D3D11 Adapter: 1
[2019.10.19-04.02.59:763][  0]LogD3D11RHI: Creating new Direct3DDevice
[2019.10.19-04.02.59:763][  0]LogD3D11RHI:     GPU DeviceId: 0x1e82 (for the marketing name, search the web for "GPU Device Id")
[2019.10.19-04.02.59:763][  0]LogWindows: EnumDisplayDevices:
[2019.10.19-04.02.59:763][  0]LogWindows:    0. 'NVIDIA GeForce RTX 2080' (P:0 D:0)
[2019.10.19-04.02.59:763][  0]LogWindows:    1. 'NVIDIA GeForce RTX 2080' (P:0 D:0)
[2019.10.19-04.02.59:763][  0]LogWindows:    2. 'NVIDIA GeForce RTX 2080' (P:0 D:0)
[2019.10.19-04.02.59:764][  0]LogWindows:    3. 'NVIDIA GeForce RTX 2080' (P:0 D:0)
[2019.10.19-04.02.59:764][  0]LogWindows:    4. 'Intel(R) UHD Graphics 630' (P:1 D:1)
[2019.10.19-04.02.59:764][  0]LogWindows:    5. 'Intel(R) UHD Graphics 630' (P:0 D:0)
[2019.10.19-04.02.59:764][  0]LogWindows:    6. 'Intel(R) UHD Graphics 630' (P:0 D:0)
[2019.10.19-04.02.59:764][  0]LogWindows: DebugString: PrimaryIsNotTheChoosenAdapter PrimaryIsNotTheChoosenAdapter PrimaryIsNotTheChoosenAdapter FoundDriverCount:4 
[2019.10.19-04.02.59:764][  0]LogD3D11RHI:     Adapter Name: NVIDIA GeForce RTX 2080
[2019.10.19-04.02.59:765][  0]LogD3D11RHI:   Driver Version: 431.60 (internal:26.21.14.3160, unified:431.60)
[2019.10.19-04.02.59:765][  0]LogD3D11RHI:      Driver Date: 7-17-2019
[2019.10.19-04.02.59:765][  0]LogRHI: Texture pool is 5607 MB (70% of 8010 MB)
[2019.10.19-04.02.59:800][  0]LogD3D11RHI: Async texture creation enabled
[2019.10.19-04.02.59:824][  0]LogD3D11RHI: GPU Timing Frequency: 1000.000000 (Debug: 2 1)
[2019.10.19-04.03.00:109][  0]LogTemp: Display: Module 'AllDesktopTargetPlatform' loaded TargetPlatform 'AllDesktop'
[2019.10.19-04.03.00:116][  0]LogTemp: Display: Module 'MacClientTargetPlatform' loaded TargetPlatform 'MacClient'
[2019.10.19-04.03.00:124][  0]LogTemp: Display: Module 'MacNoEditorTargetPlatform' loaded TargetPlatform 'MacNoEditor'
[2019.10.19-04.03.00:131][  0]LogTemp: Display: Module 'MacServerTargetPlatform' loaded TargetPlatform 'MacServer'
[2019.10.19-04.03.00:145][  0]LogTemp: Display: Module 'MacTargetPlatform' loaded TargetPlatform 'Mac'
[2019.10.19-04.03.00:154][  0]LogTemp: Display: Module 'WindowsClientTargetPlatform' loaded TargetPlatform 'WindowsClient'
[2019.10.19-04.03.00:162][  0]LogTemp: Display: Module 'WindowsNoEditorTargetPlatform' loaded TargetPlatform 'WindowsNoEditor'
[2019.10.19-04.03.00:170][  0]LogTemp: Display: Module 'WindowsServerTargetPlatform' loaded TargetPlatform 'WindowsServer'
[2019.10.19-04.03.00:176][  0]LogTemp: Display: Module 'WindowsTargetPlatform' loaded TargetPlatform 'Windows'
[2019.10.19-04.03.00:211][  0]LogTemp: Display: Module 'AndroidTargetPlatform' loaded TargetPlatform 'Android'
[2019.10.19-04.03.00:211][  0]LogTemp: Display: Module 'AndroidTargetPlatform' loaded TargetPlatform 'Android_ASTC'
[2019.10.19-04.03.00:211][  0]LogTemp: Display: Module 'AndroidTargetPlatform' loaded TargetPlatform 'Android_ATC'
[2019.10.19-04.03.00:211][  0]LogTemp: Display: Module 'AndroidTargetPlatform' loaded TargetPlatform 'Android_DXT'
[2019.10.19-04.03.00:211][  0]LogTemp: Display: Module 'AndroidTargetPlatform' loaded TargetPlatform 'Android_ETC1'
[2019.10.19-04.03.00:211][  0]LogTemp: Display: Module 'AndroidTargetPlatform' loaded TargetPlatform 'Android_ETC1a'
[2019.10.19-04.03.00:211][  0]LogTemp: Display: Module 'AndroidTargetPlatform' loaded TargetPlatform 'Android_ETC2'
[2019.10.19-04.03.00:211][  0]LogTemp: Display: Module 'AndroidTargetPlatform' loaded TargetPlatform 'Android_PVRTC'
[2019.10.19-04.03.00:211][  0]LogTemp: Display: Module 'AndroidTargetPlatform' loaded TargetPlatform 'AndroidClient'
[2019.10.19-04.03.00:211][  0]LogTemp: Display: Module 'AndroidTargetPlatform' loaded TargetPlatform 'Android_ASTCClient'
[2019.10.19-04.03.00:211][  0]LogTemp: Display: Module 'AndroidTargetPlatform' loaded TargetPlatform 'Android_ATCClient'
[2019.10.19-04.03.00:211][  0]LogTemp: Display: Module 'AndroidTargetPlatform' loaded TargetPlatform 'Android_DXTClient'
[2019.10.19-04.03.00:211][  0]LogTemp: Display: Module 'AndroidTargetPlatform' loaded TargetPlatform 'Android_ETC1Client'
[2019.10.19-04.03.00:211][  0]LogTemp: Display: Module 'AndroidTargetPlatform' loaded TargetPlatform 'Android_ETC1aClient'
[2019.10.19-04.03.00:211][  0]LogTemp: Display: Module 'AndroidTargetPlatform' loaded TargetPlatform 'Android_ETC2Client'
[2019.10.19-04.03.00:211][  0]LogTemp: Display: Module 'AndroidTargetPlatform' loaded TargetPlatform 'Android_PVRTCClient'
[2019.10.19-04.03.00:211][  0]LogTemp: Display: Module 'AndroidTargetPlatform' loaded TargetPlatform 'Android_Multi'
[2019.10.19-04.03.00:211][  0]LogTemp: Display: Module 'AndroidTargetPlatform' loaded TargetPlatform 'Android_MultiClient'
[2019.10.19-04.03.00:214][  0]LogTemp: Display: Module 'HTML5TargetPlatform' loaded TargetPlatform 'HTML5'
[2019.10.19-04.03.00:241][  0]LogTemp: Display: Module 'IOSTargetPlatform' loaded TargetPlatform 'IOSClient'
[2019.10.19-04.03.00:241][  0]LogTemp: Display: Module 'IOSTargetPlatform' loaded TargetPlatform 'IOS'
[2019.10.19-04.03.00:252][  0]LogTemp: Display: Module 'TVOSTargetPlatform' loaded TargetPlatform 'TVOSClient'
[2019.10.19-04.03.00:252][  0]LogTemp: Display: Module 'TVOSTargetPlatform' loaded TargetPlatform 'TVOS'
[2019.10.19-04.03.00:259][  0]LogTemp: Display: Module 'LinuxClientTargetPlatform' loaded TargetPlatform 'LinuxClient'
[2019.10.19-04.03.00:266][  0]LogTemp: Display: Module 'LinuxNoEditorTargetPlatform' loaded TargetPlatform 'LinuxNoEditor'
[2019.10.19-04.03.00:273][  0]LogTemp: Display: Module 'LinuxServerTargetPlatform' loaded TargetPlatform 'LinuxServer'
[2019.10.19-04.03.00:296][  0]LogTemp: Display: Module 'LinuxTargetPlatform' loaded TargetPlatform 'Linux'
[2019.10.19-04.03.00:318][  0]LogTemp: Display: Module 'LuminTargetPlatform' loaded TargetPlatform 'Lumin'
[2019.10.19-04.03.00:318][  0]LogTemp: Display: Module 'LuminTargetPlatform' loaded TargetPlatform 'LuminClient'
[2019.10.19-04.03.00:318][  0]LogTargetPlatformManager: Display: Building Assets For Windows
[2019.10.19-04.03.00:353][  0]LogAudioDebug: Display: Lib vorbis DLL was dynamically loaded.
[2019.10.19-04.03.00:470][  0]LogShaderCompilers: Guid format shader working directory is -9 characters bigger than the processId version (../../../../../../Users/tmdgu/OneDrive/바탕 화면/SuperCool/Intermediate/Shaders/WorkingDirectory/13096/).
[2019.10.19-04.03.00:470][  0]LogShaderCompilers: Cleaned the shader compiler working directory 'C:/Users/tmdgu/AppData/Local/Temp/UnrealShaderWorkingDir/962A987A4FE80979100DF48C29F543CF/'.
[2019.10.19-04.03.00:474][  0]LogXGEController: Cleaning working directory: C:/Users/tmdgu/AppData/Local/Temp/UnrealXGEWorkingDir/
[2019.10.19-04.03.00:475][  0]LogXGEController: Cannot use XGE Controller as Incredibuild is not installed on this machine.
[2019.10.19-04.03.00:475][  0]LogShaderCompilers: Cannot use XGE Shader Compiler as Incredibuild is not installed on this machine.
[2019.10.19-04.03.00:475][  0]LogShaderCompilers: Display: Using Local Shader Compiler.
[2019.10.19-04.03.02:254][  0]LogDerivedDataCache: Display: Max Cache Size: 512 MB
[2019.10.19-04.03.02:433][  0]LogDerivedDataCache: Loaded boot cache 0.18s 74MB C:/Users/tmdgu/AppData/Local/UnrealEngine/4.23/DerivedDataCache/Boot.ddc.
[2019.10.19-04.03.02:433][  0]LogDerivedDataCache: Display: Loaded Boot cache: C:/Users/tmdgu/AppData/Local/UnrealEngine/4.23/DerivedDataCache/Boot.ddc
[2019.10.19-04.03.02:433][  0]LogDerivedDataCache: FDerivedDataBackendGraph:  Pak pak cache file ../../../../../../Users/tmdgu/OneDrive/바탕 화면/SuperCool/DerivedDataCache/DDC.ddp not found, will not use a pak cache.
[2019.10.19-04.03.02:433][  0]LogDerivedDataCache: Unable to find inner node Pak for hierarchical cache Hierarchy.
[2019.10.19-04.03.02:433][  0]LogDerivedDataCache: FDerivedDataBackendGraph:  CompressedPak pak cache file ../../../../../../Users/tmdgu/OneDrive/바탕 화면/SuperCool/DerivedDataCache/Compressed.ddp not found, will not use a pak cache.
[2019.10.19-04.03.02:433][  0]LogDerivedDataCache: Unable to find inner node CompressedPak for hierarchical cache Hierarchy.
[2019.10.19-04.03.02:448][  0]LogDerivedDataCache: Display: Pak cache opened for reading ../../../Engine/DerivedDataCache/Compressed.ddp.
[2019.10.19-04.03.02:448][  0]LogDerivedDataCache: FDerivedDataBackendGraph:  EnterprisePak pak cache file ../../../Enterprise/DerivedDataCache/Compressed.ddp not found, will not use a pak cache.
[2019.10.19-04.03.02:448][  0]LogDerivedDataCache: Unable to find inner node EnterprisePak for hierarchical cache Hierarchy.
[2019.10.19-04.03.02:449][  0]LogDerivedDataCache: Using Local data cache path C:/Users/tmdgu/AppData/Local/UnrealEngine/Common/DerivedDataCache: Writable
[2019.10.19-04.03.02:449][  0]LogDerivedDataCache: Shared data cache path not found in *engine.ini, will not use an Shared cache.
[2019.10.19-04.03.02:449][  0]LogDerivedDataCache: Unable to find inner node Shared for hierarchical cache Hierarchy.
[2019.10.19-04.03.02:468][  0]LogMaterial: Verifying Global Shaders for PCD3D_SM5
[2019.10.19-04.03.02:475][  0]LogSlate: Using FreeType 2.6.0
[2019.10.19-04.03.02:483][  0]LogSlate: SlateFontServices - WITH_FREETYPE: 1, WITH_HARFBUZZ: 1
[2019.10.19-04.03.02:726][  0]LogAssetRegistry: FAssetRegistry took 0.0071 seconds to start up
[2019.10.19-04.03.03:233][  0]LogInit: Selected Device Profile: [Windows]
[2019.10.19-04.03.03:499][  0]LogMeshReduction: Using QuadricMeshReduction for automatic static mesh reduction
[2019.10.19-04.03.03:499][  0]LogMeshReduction: Using SimplygonMeshReduction for automatic skeletal mesh reduction
[2019.10.19-04.03.03:499][  0]LogMeshReduction: Using ProxyLODMeshReduction for automatic mesh merging
[2019.10.19-04.03.03:499][  0]LogMeshReduction: No distributed automatic mesh merging module available
[2019.10.19-04.03.03:499][  0]LogMeshMerging: No distributed automatic mesh merging module available
[2019.10.19-04.03.03:551][  0]LogNetVersion: SuperCool 1.0.0, NetCL: 8386587, EngineNetVer: 11, GameNetVer: 0 (Checksum: 576053900)
[2019.10.19-04.03.04:836][  0]LogPackageLocalizationCache: Processed 13 localized package path(s) for 1 prioritized culture(s) in 0.056443 seconds
[2019.10.19-04.03.04:841][  0]LogUObjectArray: 44137 objects as part of root set at end of initial load.
[2019.10.19-04.03.04:841][  0]LogUObjectAllocator: 7739352 out of 0 bytes used by permanent object pool.
[2019.10.19-04.03.04:841][  0]LogUObjectArray: CloseDisregardForGC: 0/0 objects in disregard for GC pool
[2019.10.19-04.03.07:988][  0]LogTcpMessaging: Initializing TcpMessaging bridge
[2019.10.19-04.03.07:995][  0]LogUdpMessaging: Initializing bridge on interface 0.0.0.0:0 to multicast group 230.0.0.1:6666.
[2019.10.19-04.03.08:093][  0]SourceControl: 소스 컨트롤이 꺼졌습니다.
[2019.10.19-04.03.08:094][  0]SourceControl: 소스 컨트롤이 꺼졌습니다.
[2019.10.19-04.03.08:105][  0]SourceControl: 소스 컨트롤이 꺼졌습니다.
[2019.10.19-04.03.08:111][  0]SourceControl: 소스 컨트롤이 꺼졌습니다.
[2019.10.19-04.03.08:359][  0]LogAndroidPermission: UAndroidPermissionCallbackProxy::GetInstance
[2019.10.19-04.03.08:550][  0]LogOcInput: OculusInput pre-init called
[2019.10.19-04.03.08:568][  0]LogWindows: Failed to load 'OVRPlugin.dll' (GetLastError=126)
[2019.10.19-04.03.08:568][  0]LogWindows: File 'OVRPlugin.dll' does not exist
[2019.10.19-04.03.08:727][  0]LogEngine: Initializing Engine...
[2019.10.19-04.03.08:825][  0]LogInstantPreview: Warning: Adb Not Detected.  Please set the ANDROID_HOME environment variable to your Android SDK directory and restart the Unreal editor.
[2019.10.19-04.03.08:825][  0]LogHMD: GoogleVR API created
[2019.10.19-04.03.08:834][  0]LogStats: UGameplayTagsManager::InitializeManager -  0.008 s
[2019.10.19-04.03.09:192][  0]LogInit: Initializing FReadOnlyCVARCache
[2019.10.19-04.03.09:241][  0]LogAIModule: Creating AISystem for world Untitled
[2019.10.19-04.03.09:266][  0]LogInit: XAudio2 using '스피커(Synaptics HD Audio)' : 2 channels at 48 kHz using 32 bits per sample (channel mask 0x3)
[2019.10.19-04.03.09:346][  0]LogInit: FAudioDevice initialized.
[2019.10.19-04.03.09:346][  0]LogNetVersion: Set ProjectVersion to 1.0.0.0. Version Checksum will be recalculated on next use.
[2019.10.19-04.03.09:417][  0]LogDerivedDataCache: Saved boot cache 0.07s 74MB C:/Users/tmdgu/AppData/Local/UnrealEngine/4.23/DerivedDataCache/Boot.ddc.
[2019.10.19-04.03.09:422][  0]LogInit: Texture streaming: Enabled
[2019.10.19-04.03.09:446][  0]LogEngineSessionManager: EngineSessionManager initialized
[2019.10.19-04.03.09:520][  0]LogInit: Transaction tracking system initialized
[2019.10.19-04.03.09:592][  0]BlueprintLog: New page: 에디터 로드
[2019.10.19-04.03.09:750][  0]LocalizationService: 현지화 서비스가 비활성화되었습니다.
[2019.10.19-04.03.10:233][  0]LogFileCache: Scanning file cache for directory 'C:/Users/tmdgu/OneDrive/바탕 화면/SuperCool/Content/' took 0.01s
[2019.10.19-04.03.10:233][  0]LogCook: Display: Max memory allowance for cook 16384mb min free memory 0mb
[2019.10.19-04.03.10:233][  0]LogCook: Display: Mobile HDR setting 1
[2019.10.19-04.03.10:678][  0]SourceControl: 소스 컨트롤이 꺼졌습니다.
[2019.10.19-04.03.10:679][  0]Cmd: MAP LOAD FILE="../../../../../../Users/tmdgu/OneDrive/바탕 화면/SuperCool/Content/FirstPersonBP/Maps/FirstPersonExampleMap.umap" TEMPLATE=0 SHOWPROGRESS=1 FEATURELEVEL=3
[2019.10.19-04.03.10:684][  0]LightingResults: New page: 라이팅 빌드
[2019.10.19-04.03.10:690][  0]LogWorld: UWorld::CleanupWorld for Untitled, bSessionEnded=true, bCleanupResources=true
[2019.10.19-04.03.10:693][  0]MapCheck: New page: 맵 체크
[2019.10.19-04.03.10:693][  0]LightingResults: New page: 라이팅 빌드
[2019.10.19-04.03.10:727][  0]LogUObjectHash: Compacting FUObjectHashTables data took   1.38ms
[2019.10.19-04.03.11:369][  0]LogAIModule: Creating AISystem for world FirstPersonExampleMap
[2019.10.19-04.03.11:399][  0]LogEditorServer: Finished looking for orphan Actors (0.000 secs)
[2019.10.19-04.03.11:425][  0]LogUObjectHash: Compacting FUObjectHashTables data took   1.62ms
[2019.10.19-04.03.11:425][  0]Cmd: MAP CHECKDEP NOCLEARLOG
[2019.10.19-04.03.11:425][  0]MapCheck: 맵 체크 완료: 오류 0 회, 경고 0 회, 소요 시간 0.306ms.
[2019.10.19-04.03.11:425][  0]LogFileHelpers: Loading map 'FirstPersonExampleMap' took 0.747
[2019.10.19-04.03.11:617][  0]LogSlate: Updating window title bar state: overlay mode, drag disabled, window buttons hidden, title bar hidden
[2019.10.19-04.03.11:637][  0]LogSlate: Updating window title bar state: overlay mode, drag disabled, window buttons hidden, title bar hidden
[2019.10.19-04.03.11:641][  0]LogSlate: Updating window title bar state: overlay mode, drag disabled, window buttons hidden, title bar hidden
[2019.10.19-04.03.11:646][  0]LogSlate: Updating window title bar state: overlay mode, drag disabled, window buttons hidden, title bar hidden
[2019.10.19-04.03.11:682][  0]LogCollectionManager: Loaded 0 collections in 0.001801 seconds
[2019.10.19-04.03.11:702][  0]LogFileCache: Scanning file cache for directory 'C:/Users/tmdgu/OneDrive/바탕 화면/SuperCool/Saved/Collections/' took 0.00s
[2019.10.19-04.03.11:702][  0]LogFileCache: Scanning file cache for directory 'C:/Users/tmdgu/OneDrive/바탕 화면/SuperCool/Content/Developers/st/Collections/' took 0.00s
[2019.10.19-04.03.11:702][  0]LogFileCache: Scanning file cache for directory 'C:/Users/tmdgu/OneDrive/바탕 화면/SuperCool/Content/Collections/' took 0.00s
[2019.10.19-04.03.11:702][  0]LogCollectionManager: Rebuilt the GUID cache for 0 collections in 0.000001 seconds
[2019.10.19-04.03.11:710][  0]LogContentBrowser: Native class hierarchy populated in 0.0067 seconds. Added 2877 classes and 687 folders.
[2019.10.19-04.03.11:727][  0]LogContentBrowser: Native class hierarchy updated for 'WidgetCarousel' in 0.0002 seconds. Added 0 classes and 0 folders.
[2019.10.19-04.03.11:960][  0]LogContentBrowser: Native class hierarchy updated for 'AddContentDialog' in 0.0002 seconds. Added 0 classes and 0 folders.
[2019.10.19-04.03.11:971][  0]LogContentBrowser: Native class hierarchy updated for 'SceneOutliner' in 0.0002 seconds. Added 1 classes and 2 folders.
[2019.10.19-04.03.12:133][  0]LogSlate: Took 0.004665 seconds to synchronously load lazily loaded font '../../../Engine/Content/Slate/Fonts/Roboto-Regular.ttf' (155K)
[2019.10.19-04.03.12:147][  0]LogSlate: Took 0.013341 seconds to synchronously load lazily loaded font '../../../Engine/Content/Editor/Slate/Fonts/NanumGothic.ttf' (4243K)
[2019.10.19-04.03.12:160][  0]LogSlate: Took 0.012141 seconds to synchronously load lazily loaded font '../../../Engine/Content/Editor/Slate/Fonts/NanumGothicBold.ttf' (4188K)
[2019.10.19-04.03.12:164][  0]LogSlate: Took 0.003712 seconds to synchronously load lazily loaded font '../../../Engine/Content/Slate/Fonts/Roboto-Bold.ttf' (160K)
[2019.10.19-04.03.12:173][  0]LogSlate: Took 0.004473 seconds to synchronously load lazily loaded font '../../../Engine/Content/Editor/Slate/Fonts/FontAwesome.ttf' (139K)
[2019.10.19-04.03.12:316][  0]LogRenderer: Reallocating scene render targets to support 1204x572 Format 10 NumSamples 1 (Frame:1).
[2019.10.19-04.03.12:470][  0]LogContentBrowser: Native class hierarchy updated for 'HierarchicalLODOutliner' in 0.0002 seconds. Added 0 classes and 0 folders.
[2019.10.19-04.03.12:470][  0]LogLoad: (Engine Initialization) Total time: 18.22 seconds
[2019.10.19-04.03.12:470][  0]LogLoad: (Engine Initialization) Total Blueprint compile time: 0.00 seconds
[2019.10.19-04.03.12:489][  0]LogGoogleVRController: Creating Input Device: GoogleVRController -- Supported
[2019.10.19-04.03.12:489][  0]LogGoogleVRController: Successfully initialized GoogleVR Controller.
[2019.10.19-04.03.12:489][  0]LogInstantPreview: Warning: Adb Not Detected.  Please set the ANDROID_HOME environment variable to your Android SDK directory and restart the Unreal editor.
[2019.10.19-04.03.12:538][  0]LogContentStreaming: Texture pool size now 1000 MB
[2019.10.19-04.03.13:096][ 10]LogAssetRegistry: Asset discovery search completed in 10.3711 seconds
[2019.10.19-04.03.13:098][ 10]LogCollectionManager: Rebuilt the object cache for 0 collections in 0.000003 seconds (found 0 objects)
[2019.10.19-04.03.13:098][ 10]LogCollectionManager: Fixed up redirectors for 0 collections in 0.000033 seconds (updated 0 objects)
[2019.10.19-04.03.16:761][ 21]LogSlate: Took 0.006526 seconds to synchronously load lazily loaded font '../../../Engine/Content/Slate/Fonts/Roboto-Light.ttf' (167K)
[2019.10.19-04.12.49:506][119]LogSlate: FSceneViewport::OnFocusLost() reason 0
[2019.10.19-04.12.49:943][141]LogBlueprint: Warning: [Compiler Ue4ASP_Character] InputAction Event 가  Crouch 입력 액션  에 대해 알려지지 않은 'Crouch' 액션을 참조합니다.
[2019.10.19-04.12.49:944][141]LogBlueprint: Warning: [Compiler Ue4ASP_Character] InputAction Event 가  Jump 입력 액션  에 대해 알려지지 않은 'Jump' 액션을 참조합니다.
[2019.10.19-04.12.49:973][141]LogLinker: Warning: '../../../../../../Users/tmdgu/OneDrive/바탕 화면/SuperCool/Content/Particles/P_Explosion.uasset' 로드 도중 '/Game/StarterContent/Particles/Materials/M_Burst' 로드에 실패했습니다: 파일을 찾을 수 없습니다.
[2019.10.19-04.12.49:973][141]LogLinker: Warning: '../../../../../../Users/tmdgu/OneDrive/바탕 화면/SuperCool/Content/Particles/P_Explosion.uasset' 로드 도중 '/Game/StarterContent/Particles/Materials/M_Burst' 로드에 실패했습니다: 애셋에 대한 파일을 찾을 수 없습니다.
[2019.10.19-04.12.49:973][141]LogLinker: Warning: '../../../../../../Users/tmdgu/OneDrive/바탕 화면/SuperCool/Content/Particles/P_Explosion.uasset' 로드 도중 '/Game/StarterContent/Particles/Materials/M_explosion_subUV' 로드에 실패했습니다: 파일을 찾을 수 없습니다.
[2019.10.19-04.12.49:973][141]LogLinker: Warning: '../../../../../../Users/tmdgu/OneDrive/바탕 화면/SuperCool/Content/Particles/P_Explosion.uasset' 로드 도중 '/Game/StarterContent/Particles/Materials/M_explosion_subUV' 로드에 실패했습니다: 애셋에 대한 파일을 찾을 수 없습니다.
[2019.10.19-04.12.49:974][141]LogLinker: Warning: '../../../../../../Users/tmdgu/OneDrive/바탕 화면/SuperCool/Content/Particles/P_Explosion.uasset' 로드 도중 '/Game/StarterContent/Particles/Materials/m_flare_01' 로드에 실패했습니다: 파일을 찾을 수 없습니다.
[2019.10.19-04.12.49:974][141]LogLinker: Warning: '../../../../../../Users/tmdgu/OneDrive/바탕 화면/SuperCool/Content/Particles/P_Explosion.uasset' 로드 도중 '/Game/StarterContent/Particles/Materials/m_flare_01' 로드에 실패했습니다: 애셋에 대한 파일을 찾을 수 없습니다.
[2019.10.19-04.12.49:974][141]LogLinker: Warning: '../../../../../../Users/tmdgu/OneDrive/바탕 화면/SuperCool/Content/Particles/P_Explosion.uasset' 로드 도중 '/Game/StarterContent/Particles/Materials/M_radial_ramp' 로드에 실패했습니다: 파일을 찾을 수 없습니다.
[2019.10.19-04.12.49:974][141]LogLinker: Warning: '../../../../../../Users/tmdgu/OneDrive/바탕 화면/SuperCool/Content/Particles/P_Explosion.uasset' 로드 도중 '/Game/StarterContent/Particles/Materials/M_radial_ramp' 로드에 실패했습니다: 애셋에 대한 파일을 찾을 수 없습니다.
[2019.10.19-04.12.49:974][141]LogLinker: Warning: '../../../../../../Users/tmdgu/OneDrive/바탕 화면/SuperCool/Content/Particles/P_Explosion.uasset' 로드 도중 '/Game/StarterContent/Particles/Materials/M_smoke_subUV' 로드에 실패했습니다: 파일을 찾을 수 없습니다.
[2019.10.19-04.12.49:974][141]LogLinker: Warning: '../../../../../../Users/tmdgu/OneDrive/바탕 화면/SuperCool/Content/Particles/P_Explosion.uasset' 로드 도중 '/Game/StarterContent/Particles/Materials/M_smoke_subUV' 로드에 실패했습니다: 애셋에 대한 파일을 찾을 수 없습니다.
[2019.10.19-04.12.49:974][141]LogLinker: Warning: '../../../../../../Users/tmdgu/OneDrive/바탕 화면/SuperCool/Content/Particles/P_Explosion.uasset' 로드 도중 '/Game/StarterContent/Particles/Materials/M_Burst' 로드에 실패했습니다: 파일을 찾을 수 없습니다.
[2019.10.19-04.12.49:974][141]LogLinker: Warning: '../../../../../../Users/tmdgu/OneDrive/바탕 화면/SuperCool/Content/Particles/P_Explosion.uasset' 로드 도중 '/Game/StarterContent/Particles/Materials/M_Burst' 로드에 실패했습니다: 애셋에 대한 파일을 찾을 수 없습니다.
[2019.10.19-04.12.49:974][141]LogLinker: Warning: '../../../../../../Users/tmdgu/OneDrive/바탕 화면/SuperCool/Content/Particles/P_Explosion.uasset' 로드 도중 '/Game/StarterContent/Particles/Materials/M_explosion_subUV' 로드에 실패했습니다: 파일을 찾을 수 없습니다.
[2019.10.19-04.12.49:974][141]LogLinker: Warning: '../../../../../../Users/tmdgu/OneDrive/바탕 화면/SuperCool/Content/Particles/P_Explosion.uasset' 로드 도중 '/Game/StarterContent/Particles/Materials/M_explosion_subUV' 로드에 실패했습니다: 애셋에 대한 파일을 찾을 수 없습니다.
[2019.10.19-04.12.49:975][141]LogLinker: Warning: '../../../../../../Users/tmdgu/OneDrive/바탕 화면/SuperCool/Content/Particles/P_Explosion.uasset' 로드 도중 '/Game/StarterContent/Particles/Materials/m_flare_01' 로드에 실패했습니다: 파일을 찾을 수 없습니다.
[2019.10.19-04.12.49:975][141]LogLinker: Warning: '../../../../../../Users/tmdgu/OneDrive/바탕 화면/SuperCool/Content/Particles/P_Explosion.uasset' 로드 도중 '/Game/StarterContent/Particles/Materials/m_flare_01' 로드에 실패했습니다: 애셋에 대한 파일을 찾을 수 없습니다.
[2019.10.19-04.12.49:975][141]LogLinker: Warning: '../../../../../../Users/tmdgu/OneDrive/바탕 화면/SuperCool/Content/Particles/P_Explosion.uasset' 로드 도중 '/Game/StarterContent/Particles/Materials/M_radial_ramp' 로드에 실패했습니다: 파일을 찾을 수 없습니다.
[2019.10.19-04.12.49:975][141]LogLinker: Warning: '../../../../../../Users/tmdgu/OneDrive/바탕 화면/SuperCool/Content/Particles/P_Explosion.uasset' 로드 도중 '/Game/StarterContent/Particles/Materials/M_radial_ramp' 로드에 실패했습니다: 애셋에 대한 파일을 찾을 수 없습니다.
[2019.10.19-04.12.49:975][141]LogLinker: Warning: '../../../../../../Users/tmdgu/OneDrive/바탕 화면/SuperCool/Content/Particles/P_Explosion.uasset' 로드 도중 '/Game/StarterContent/Particles/Materials/M_smoke_subUV' 로드에 실패했습니다: 파일을 찾을 수 없습니다.
[2019.10.19-04.12.49:975][141]LogLinker: Warning: '../../../../../../Users/tmdgu/OneDrive/바탕 화면/SuperCool/Content/Particles/P_Explosion.uasset' 로드 도중 '/Game/StarterContent/Particles/Materials/M_smoke_subUV' 로드에 실패했습니다: 애셋에 대한 파일을 찾을 수 없습니다.
[2019.10.19-04.12.49:990][141]LogLinker: Warning: '../../../../../../Users/tmdgu/OneDrive/바탕 화면/SuperCool/Content/Particles/P_Explosion.uasset' 로드 도중 '/Game/StarterContent/Particles/Materials/M_smoke_subUV' 로드에 실패했습니다: 파일을 찾을 수 없습니다.
[2019.10.19-04.12.49:990][141]LoadErrors: 로드에 실패했습니다. /Game/StarterContent/Particles/Materials/M_smoke_subUV.M_smoke_subUV 참조한 것: ParticleModuleRequired_0
[2019.10.19-04.12.49:990][141]LogLinker: Warning: '../../../../../../Users/tmdgu/OneDrive/바탕 화면/SuperCool/Content/Particles/P_Explosion.uasset' 로드 도중 '/Game/StarterContent/Particles/Materials/M_smoke_subUV' 로드에 실패했습니다: 애셋에 대한 파일을 찾을 수 없습니다.
[2019.10.19-04.12.49:991][141]LogLinker: Warning: '../../../../../../Users/tmdgu/OneDrive/바탕 화면/SuperCool/Content/Particles/P_Explosion.uasset' 로드 도중 '/Game/StarterContent/Particles/Materials/M_explosion_subUV' 로드에 실패했습니다: 파일을 찾을 수 없습니다.
[2019.10.19-04.12.49:991][141]LoadErrors: 로드에 실패했습니다. /Game/StarterContent/Particles/Materials/M_explosion_subUV.M_explosion_subUV 참조한 것: ParticleModuleRequired_2
[2019.10.19-04.12.49:991][141]LogLinker: Warning: '../../../../../../Users/tmdgu/OneDrive/바탕 화면/SuperCool/Content/Particles/P_Explosion.uasset' 로드 도중 '/Game/StarterContent/Particles/Materials/M_explosion_subUV' 로드에 실패했습니다: 애셋에 대한 파일을 찾을 수 없습니다.
[2019.10.19-04.12.49:991][141]LogLinker: Warning: '../../../../../../Users/tmdgu/OneDrive/바탕 화면/SuperCool/Content/Particles/P_Explosion.uasset' 로드 도중 '/Game/StarterContent/Particles/Materials/M_radial_ramp' 로드에 실패했습니다: 파일을 찾을 수 없습니다.
[2019.10.19-04.12.49:991][141]LoadErrors: 로드에 실패했습니다. /Game/StarterContent/Particles/Materials/M_radial_ramp.M_radial_ramp 참조한 것: ParticleModuleRequired_3
[2019.10.19-04.12.49:991][141]LogLinker: Warning: '../../../../../../Users/tmdgu/OneDrive/바탕 화면/SuperCool/Content/Particles/P_Explosion.uasset' 로드 도중 '/Game/StarterContent/Particles/Materials/M_radial_ramp' 로드에 실패했습니다: 애셋에 대한 파일을 찾을 수 없습니다.
[2019.10.19-04.12.49:991][141]LogLinker: Warning: '../../../../../../Users/tmdgu/OneDrive/바탕 화면/SuperCool/Content/Particles/P_Explosion.uasset' 로드 도중 '/Game/StarterContent/Particles/Materials/m_flare_01' 로드에 실패했습니다: 파일을 찾을 수 없습니다.
[2019.10.19-04.12.49:991][141]LoadErrors: 로드에 실패했습니다. /Game/StarterContent/Particles/Materials/m_flare_01.m_flare_01 참조한 것: ParticleModuleRequired_4
[2019.10.19-04.12.49:992][141]LogLinker: Warning: '../../../../../../Users/tmdgu/OneDrive/바탕 화면/SuperCool/Content/Particles/P_Explosion.uasset' 로드 도중 '/Game/StarterContent/Particles/Materials/m_flare_01' 로드에 실패했습니다: 애셋에 대한 파일을 찾을 수 없습니다.
[2019.10.19-04.12.49:992][141]LogLinker: Warning: '../../../../../../Users/tmdgu/OneDrive/바탕 화면/SuperCool/Content/Particles/P_Explosion.uasset' 로드 도중 '/Game/StarterContent/Particles/Materials/M_Burst' 로드에 실패했습니다: 파일을 찾을 수 없습니다.
[2019.10.19-04.12.49:992][141]LoadErrors: 로드에 실패했습니다. /Game/StarterContent/Particles/Materials/M_Burst.M_Burst 참조한 것: ParticleModuleRequired_8
[2019.10.19-04.12.49:992][141]LogLinker: Warning: '../../../../../../Users/tmdgu/OneDrive/바탕 화면/SuperCool/Content/Particles/P_Explosion.uasset' 로드 도중 '/Game/StarterContent/Particles/Materials/M_Burst' 로드에 실패했습니다: 애셋에 대한 파일을 찾을 수 없습니다.
[2019.10.19-04.12.50:124][141]LogSlate: Took 0.000135 seconds to synchronously load lazily loaded font '../../../Engine/Content/Slate/Fonts/Roboto-Light.ttf' (167K)
[2019.10.19-04.12.50:129][141]LogAssetEditorManager: Opening Asset editor for Blueprint /Game/AI/AIChar.AIChar
[2019.10.19-04.12.50:420][141]LogContentBrowser: Native class hierarchy updated for 'BlueprintGraph' in 0.0004 seconds. Added 121 classes and 0 folders.
[2019.10.19-04.12.51:166][141]LogSlate: Took 0.004477 seconds to synchronously load lazily loaded font '../../../Engine/Content/Slate/Fonts/Roboto-BoldCondensed.ttf' (158K)
[2019.10.19-04.12.51:313][142]LogSlate: Took 0.005859 seconds to synchronously load lazily loaded font '../../../Engine/Content/Slate/Fonts/Roboto-Italic.ttf' (157K)
[2019.10.19-04.14.57:116][492]LogUObjectHash: Compacting FUObjectHashTables data took   2.79ms
[2019.10.19-04.14.57:197][492]LogSlate: Window 'AIChar' being destroyed
[2019.10.19-04.14.57:212][492]LogWorld: UWorld::CleanupWorld for World_0, bSessionEnded=true, bCleanupResources=true
[2019.10.19-04.14.57:238][492]LogSlate: Window 'SuperCool - 언리얼 에디터' being destroyed
[2019.10.19-04.14.57:347][493]Cmd: QUIT_EDITOR
[2019.10.19-04.14.57:385][493]LogWindowsTextInputMethodSystem: Display: IME system now activated using TSF (Microsoft 입력기).
[2019.10.19-04.14.57:397][493]LogExit: Preparing to exit.
[2019.10.19-04.14.58:350][493]LogWorld: UWorld::CleanupWorld for World_1, bSessionEnded=true, bCleanupResources=true
[2019.10.19-04.14.58:352][493]LogWorld: UWorld::CleanupWorld for World_2, bSessionEnded=true, bCleanupResources=true
[2019.10.19-04.14.58:354][493]LogWorld: UWorld::CleanupWorld for World_3, bSessionEnded=true, bCleanupResources=true
[2019.10.19-04.14.58:390][493]LogWorld: UWorld::CleanupWorld for None, bSessionEnded=true, bCleanupResources=true
[2019.10.19-04.14.58:390][493]LogExit: Editor shut down
[2019.10.19-04.14.58:394][493]LogExit: Transaction tracking system shut down
[2019.10.19-04.14.58:395][493]LogDemo: Cleaned up 0 splitscreen connections with owner deletion
[2019.10.19-04.14.58:621][493]LogExit: Object subsystem successfully closed.
[2019.10.19-04.14.58:641][493]LogShaderCompilers: Display: Shaders left to compile 0
[2019.10.19-04.14.58:694][493]LogModuleManager: Shutting down and abandoning module BlueprintGraph (674)
[2019.10.19-04.14.58:694][493]LogModuleManager: Shutting down and abandoning module HierarchicalLODOutliner (672)
[2019.10.19-04.14.58:694][493]LogModuleManager: Shutting down and abandoning module SceneOutliner (670)
[2019.10.19-04.14.58:694][493]LogModuleManager: Shutting down and abandoning module AddContentDialog (668)
[2019.10.19-04.14.58:695][493]LogModuleManager: Shutting down and abandoning module WidgetCarousel (667)
[2019.10.19-04.14.58:695][493]LogModuleManager: Shutting down and abandoning module EditorWidgets (664)
[2019.10.19-04.14.58:695][493]LogModuleManager: Shutting down and abandoning module CollectionManager (662)
[2019.10.19-04.14.58:695][493]LogModuleManager: Shutting down and abandoning module StatsViewer (660)
[2019.10.19-04.14.58:695][493]LogModuleManager: Shutting down and abandoning module VirtualTexturingEditor (658)
[2019.10.19-04.14.58:695][493]LogModuleManager: Shutting down and abandoning module FoliageEdit (656)
[2019.10.19-04.14.58:695][493]LogModuleManager: Shutting down and abandoning module LandscapeEditor (654)
[2019.10.19-04.14.58:696][493]LogModuleManager: Shutting down and abandoning module MeshPaintMode (652)
[2019.10.19-04.14.58:696][493]LogModuleManager: Shutting down and abandoning module SceneDepthPickerMode (650)
[2019.10.19-04.14.58:696][493]LogModuleManager: Shutting down and abandoning module ActorPickerMode (648)
[2019.10.19-04.14.58:696][493]LogModuleManager: Shutting down and abandoning module GeometryMode (646)
[2019.10.19-04.14.58:696][493]LogModuleManager: Shutting down and abandoning module TextureAlignMode (644)
[2019.10.19-04.14.58:696][493]LogModuleManager: Shutting down and abandoning module BspMode (642)
[2019.10.19-04.14.58:696][493]LogModuleManager: Shutting down and abandoning module PIEPreviewDeviceProfileSelector (640)
[2019.10.19-04.14.58:696][493]LogModuleManager: Shutting down and abandoning module SequenceRecorderSections (638)
[2019.10.19-04.14.58:696][493]LogModuleManager: Shutting down and abandoning module AutomationWorker (636)
[2019.10.19-04.14.58:696][493]LogModuleManager: Shutting down and abandoning module OculusMR (634)
[2019.10.19-04.14.58:696][493]LogModuleManager: Shutting down and abandoning module AudioCaptureEditor (632)
[2019.10.19-04.14.58:696][493]LogModuleManager: Shutting down and abandoning module MatineeToLevelSequence (630)
[2019.10.19-04.14.58:696][493]LogModuleManager: Shutting down and abandoning module LevelSequenceEditor (628)
[2019.10.19-04.14.58:698][493]LogModuleManager: Shutting down and abandoning module PlacementMode (627)
[2019.10.19-04.14.58:698][493]LogModuleManager: Shutting down and abandoning module MaterialEditor (626)
[2019.10.19-04.14.58:699][493]LogModuleManager: Shutting down and abandoning module ActorSequenceEditor (622)
[2019.10.19-04.14.58:700][493]LogModuleManager: Shutting down and abandoning module WmfMediaFactory (620)
[2019.10.19-04.14.58:700][493]LogModuleManager: Shutting down and abandoning module WmfMediaEditor (618)
[2019.10.19-04.14.58:700][493]LogModuleManager: Shutting down and abandoning module WebMMediaFactory (616)
[2019.10.19-04.14.58:700][493]LogModuleManager: Shutting down and abandoning module WebMMediaEditor (614)
[2019.10.19-04.14.58:700][493]LogModuleManager: Shutting down and abandoning module WebMMedia (612)
[2019.10.19-04.14.58:700][493]LogModuleManager: Shutting down and abandoning module MediaPlayerEditor (610)
[2019.10.19-04.14.58:700][493]LogModuleManager: Shutting down and abandoning module MediaCompositingEditor (608)
[2019.10.19-04.14.58:701][493]LogModuleManager: Shutting down and abandoning module SequenceRecorder (607)
[2019.10.19-04.14.58:701][493]LogModuleManager: Shutting down and abandoning module OpenExrWrapper (604)
[2019.10.19-04.14.58:701][493]LogModuleManager: Shutting down and abandoning module ImgMediaFactory (602)
[2019.10.19-04.14.58:701][493]LogModuleManager: Shutting down and abandoning module ImgMediaEditor (600)
[2019.10.19-04.14.58:701][493]LogModuleManager: Shutting down and abandoning module AvfMediaFactory (598)
[2019.10.19-04.14.58:701][493]LogModuleManager: Shutting down and abandoning module AvfMediaEditor (596)
[2019.10.19-04.14.58:701][493]LogModuleManager: Shutting down and abandoning module AndroidMediaFactory (594)
[2019.10.19-04.14.58:701][493]LogModuleManager: Shutting down and abandoning module AndroidMediaEditor (592)
[2019.10.19-04.14.58:701][493]LogModuleManager: Shutting down and abandoning module MagicLeapCameraPreviewFactory (590)
[2019.10.19-04.14.58:701][493]LogModuleManager: Shutting down and abandoning module MagicLeapMediaCodecFactory (588)
[2019.10.19-04.14.58:701][493]LogModuleManager: Shutting down and abandoning module MagicLeapMediaFactory (586)
[2019.10.19-04.14.58:701][493]LogModuleManager: Shutting down and abandoning module MagicLeapMediaEditor (584)
[2019.10.19-04.14.58:701][493]LogModuleManager: Shutting down and abandoning module CharacterAI (582)
[2019.10.19-04.14.58:701][493]LogModuleManager: Shutting down and abandoning module SmartSnapping (580)
[2019.10.19-04.14.58:701][493]LogModuleManager: Shutting down and abandoning module SessionServices (578)
[2019.10.19-04.14.58:701][493]LogModuleManager: Shutting down and abandoning module MeshPaint (576)
[2019.10.19-04.14.58:701][493]LogModuleManager: Shutting down and abandoning module ViewportSnapping (574)
[2019.10.19-04.14.58:701][493]LogModuleManager: Shutting down and abandoning module ViewportInteraction (572)
[2019.10.19-04.14.58:701][493]LogModuleManager: Shutting down and abandoning module ClothPainter (570)
[2019.10.19-04.14.58:702][493]LogModuleManager: Shutting down and abandoning module SkeletalMeshEditor (569)
[2019.10.19-04.14.58:704][493]LogModuleManager: Shutting down and abandoning module LogVisualizer (566)
[2019.10.19-04.14.58:705][493]LogModuleManager: Shutting down and abandoning module IntroTutorials (564)
[2019.10.19-04.14.58:705][493]LogModuleManager: Shutting down and abandoning module GameProjectGeneration (563)
[2019.10.19-04.14.58:705][493]LogModuleManager: Shutting down and abandoning module LuminPlatformEditor (560)
[2019.10.19-04.14.58:705][493]LogModuleManager: Shutting down and abandoning module IOSPlatformEditor (558)
[2019.10.19-04.14.58:705][493]LogModuleManager: Shutting down and abandoning module HTML5PlatformEditor (556)
[2019.10.19-04.14.58:705][493]LogModuleManager: Shutting down and abandoning module AndroidPlatformEditor (554)
[2019.10.19-04.14.58:705][493]LogModuleManager: Shutting down and abandoning module AndroidDeviceDetection (553)
[2019.10.19-04.14.59:232][493]LogModuleManager: Shutting down and abandoning module WindowsPlatformEditor (550)
[2019.10.19-04.14.59:232][493]LogModuleManager: Shutting down and abandoning module LuminRuntimeSettings (548)
[2019.10.19-04.14.59:232][493]LogModuleManager: Shutting down and abandoning module IOSRuntimeSettings (546)
[2019.10.19-04.14.59:232][493]LogModuleManager: Shutting down and abandoning module AndroidRuntimeSettings (544)
[2019.10.19-04.14.59:232][493]LogModuleManager: Shutting down and abandoning module TimeManagementEditor (542)
[2019.10.19-04.14.59:232][493]LogModuleManager: Shutting down and abandoning module InputBindingEditor (540)
[2019.10.19-04.14.59:232][493]LogModuleManager: Shutting down and abandoning module MergeActors (538)
[2019.10.19-04.14.59:234][493]LogModuleManager: Shutting down and abandoning module LocalizationDashboard (536)
[2019.10.19-04.14.59:234][493]LogModuleManager: Shutting down and abandoning module LocalizationService (535)
[2019.10.19-04.14.59:234][493]LogModuleManager: Shutting down and abandoning module HardwareTargeting (532)
[2019.10.19-04.14.59:234][493]LogModuleManager: Shutting down and abandoning module DeviceProfileEditor (530)
[2019.10.19-04.14.59:234][493]LogModuleManager: Shutting down and abandoning module UndoHistory (528)
[2019.10.19-04.14.59:234][493]LogModuleManager: Shutting down and abandoning module XmlParser (526)
[2019.10.19-04.14.59:234][493]LogModuleManager: Shutting down and abandoning module Blutility (524)
[2019.10.19-04.14.59:234][493]LogModuleManager: Shutting down and abandoning module ProjectSettingsViewer (522)
[2019.10.19-04.14.59:234][493]LogModuleManager: Shutting down and abandoning module ProjectTargetPlatformEditor (521)
[2019.10.19-04.14.59:234][493]LogModuleManager: Shutting down and abandoning module EditorSettingsViewer (518)
[2019.10.19-04.14.59:234][493]LogModuleManager: Shutting down and abandoning module SettingsEditor (516)
[2019.10.19-04.14.59:234][493]LogModuleManager: Shutting down and abandoning module ProjectLauncher (514)
[2019.10.19-04.14.59:235][493]LogModuleManager: Shutting down and abandoning module SessionFrontend (512)
[2019.10.19-04.14.59:235][493]LogModuleManager: Shutting down and abandoning module ProfilerClient (510)
[2019.10.19-04.14.59:235][493]LogModuleManager: Shutting down and abandoning module DeviceManager (508)
[2019.10.19-04.14.59:235][493]LogModuleManager: Shutting down and abandoning module TargetDeviceServices (507)
[2019.10.19-04.14.59:280][493]LogModuleManager: Shutting down and abandoning module AutomationController (504)
[2019.10.19-04.14.59:280][493]LogModuleManager: Shutting down and abandoning module AutomationWindow (502)
[2019.10.19-04.14.59:280][493]LogModuleManager: Shutting down and abandoning module Layers (500)
[2019.10.19-04.14.59:281][493]LogModuleManager: Shutting down and abandoning module ComponentVisualizers (498)
[2019.10.19-04.14.59:281][493]LogModuleManager: Shutting down and abandoning module DetailCustomizations (496)
[2019.10.19-04.14.59:282][493]LogModuleManager: Shutting down and abandoning module PackagesDialog (494)
[2019.10.19-04.14.59:282][493]LogModuleManager: Shutting down and abandoning module AnimationBlueprintEditor (492)
[2019.10.19-04.14.59:282][493]LogModuleManager: Shutting down and abandoning module Persona (490)
[2019.10.19-04.14.59:283][493]LogModuleManager: Shutting down and abandoning module AdvancedPreviewScene (489)
[2019.10.19-04.14.59:283][493]LogModuleManager: Shutting down and abandoning module AnimGraph (487)
[2019.10.19-04.14.59:283][493]LogModuleManager: Shutting down and abandoning module Kismet (484)
[2019.10.19-04.14.59:286][493]LogModuleManager: Shutting down and abandoning module KismetWidgets (483)
[2019.10.19-04.14.59:286][493]LogModuleManager: Shutting down and abandoning module GraphEditor (480)
[2019.10.19-04.14.59:286][493]LogModuleManager: Shutting down and abandoning module StructViewer (478)
[2019.10.19-04.14.59:286][493]LogModuleManager: Shutting down and abandoning module ClassViewer (476)
[2019.10.19-04.14.59:286][493]LogModuleManager: Shutting down and abandoning module Toolbox (474)
[2019.10.19-04.14.59:286][493]LogModuleManager: Shutting down and abandoning module ModuleUI (472)
[2019.10.19-04.14.59:287][493]LogModuleManager: Shutting down and abandoning module MovieSceneTools (470)
[2019.10.19-04.14.59:287][493]LogModuleManager: Shutting down and abandoning module OutputLog (468)
[2019.10.19-04.14.59:287][493]LogModuleManager: Shutting down and abandoning module GammaUI (466)
[2019.10.19-04.14.59:287][493]LogModuleManager: Shutting down and abandoning module Documentation (464)
[2019.10.19-04.14.59:287][493]LogModuleManager: Shutting down and abandoning module LiveCoding (462)
[2019.10.19-04.14.59:287][493]LogModuleManager: Shutting down and abandoning module LevelSequence (460)
[2019.10.19-04.14.59:288][493]LogModuleManager: Shutting down and abandoning module MovieSceneTracks (458)
[2019.10.19-04.14.59:288][493]LogModuleManager: Shutting down and abandoning module MovieScene (456)
[2019.10.19-04.14.59:288][493]LogModuleManager: Shutting down and abandoning module StreamingPauseRendering (454)
[2019.10.19-04.14.59:288][493]LogModuleManager: Shutting down and abandoning module LauncherPlatform (452)
[2019.10.19-04.14.59:288][493]LogModuleManager: Shutting down and abandoning module AnalyticsET (450)
[2019.10.19-04.14.59:288][493]LogModuleManager: Shutting down and abandoning module PortalServices (448)
[2019.10.19-04.14.59:288][493]LogModuleManager: Shutting down and abandoning module PortalRpc (446)
[2019.10.19-04.14.59:288][493]LogModuleManager: Shutting down and abandoning module MessagingRpc (444)
[2019.10.19-04.14.59:288][493]LogModuleManager: Shutting down and abandoning module AIModule (442)
[2019.10.19-04.14.59:288][493]LogModuleManager: Shutting down and abandoning module GameplayDebugger (441)
[2019.10.19-04.14.59:288][493]LogModuleManager: Shutting down and abandoning module AITestSuite (439)
[2019.10.19-04.14.59:288][493]LogModuleManager: Shutting down and abandoning module NavigationSystem (437)
[2019.10.19-04.14.59:288][493]LogModuleManager: Shutting down and abandoning module DesktopPlatform (434)
[2019.10.19-04.14.59:288][493]LogModuleManager: Shutting down and abandoning module ImageWriteQueue (432)
[2019.10.19-04.14.59:290][493]LogModuleManager: Shutting down and abandoning module ProfilerService (430)
[2019.10.19-04.14.59:491][493]LogModuleManager: Shutting down and abandoning module TaskGraph (428)
[2019.10.19-04.14.59:491][493]LogModuleManager: Shutting down and abandoning module ScreenshotTools (426)
[2019.10.19-04.14.59:491][493]LogModuleManager: Shutting down and abandoning module SteamVRController (424)
[2019.10.19-04.14.59:491][493]LogModuleManager: Shutting down and abandoning module ProceduralMeshComponentEditor (422)
[2019.10.19-04.14.59:491][493]LogModuleManager: Shutting down and abandoning module ProceduralMeshComponent (420)
[2019.10.19-04.14.59:491][493]LogModuleManager: Shutting down and abandoning module OculusEditor (418)
[2019.10.19-04.14.59:492][493]LogModuleManager: Shutting down and abandoning module OculusInput (416)
[2019.10.19-04.14.59:492][493]LogModuleManager: Shutting down and abandoning module MobilePatchingUtils (414)
[2019.10.19-04.14.59:492][493]LogModuleManager: Shutting down and abandoning module EditableMesh (412)
[2019.10.19-04.14.59:492][493]LogModuleManager: Shutting down and abandoning module CustomMeshComponent (410)
[2019.10.19-04.14.59:492][493]LogModuleManager: Shutting down and abandoning module CableComponent (408)
[2019.10.19-04.14.59:492][493]LogModuleManager: Shutting down and abandoning module AudioCapture (406)
[2019.10.19-04.14.59:492][493]LogModuleManager: Shutting down and abandoning module ArchVisCharacter (404)
[2019.10.19-04.14.59:492][493]LogModuleManager: Shutting down and abandoning module AppleImageUtilsBlueprintSupport (402)
[2019.10.19-04.14.59:492][493]LogModuleManager: Shutting down and abandoning module AppleImageUtils (400)
[2019.10.19-04.14.59:492][493]LogModuleManager: Shutting down and abandoning module AndroidPermission (398)
[2019.10.19-04.14.59:492][493]LogModuleManager: Shutting down and abandoning module NUTUnrealEngine4 (396)
[2019.10.19-04.14.59:492][493]LogModuleManager: Shutting down and abandoning module NetcodeUnitTest (394)
[2019.10.19-04.14.59:492][493]LogModuleManager: Shutting down and abandoning module MediaCompositing (392)
[2019.10.19-04.14.59:492][493]LogModuleManager: Shutting down and abandoning module ImgMedia (390)
[2019.10.19-04.14.59:492][493]LogModuleManager: Shutting down and abandoning module MagicLeapHelperVulkan (388)
[2019.10.19-04.14.59:492][493]LogModuleManager: Shutting down and abandoning module MagicLeapHelperOpenGL (386)
[2019.10.19-04.14.59:492][493]LogModuleManager: Shutting down and abandoning module MagicLeapAudio (384)
[2019.10.19-04.14.59:492][493]LogModuleManager: Shutting down and abandoning module HTML5Networking (382)
[2019.10.19-04.14.59:492][493]LogModuleManager: Shutting down and abandoning module GeometryCacheTracks (380)
[2019.10.19-04.14.59:492][493]LogModuleManager: Shutting down and abandoning module GeometryCacheSequencer (378)
[2019.10.19-04.14.59:492][493]LogModuleManager: Shutting down and abandoning module BackChannel (376)
[2019.10.19-04.14.59:492][493]LogModuleManager: Shutting down and abandoning module AutomationUtilsEditor (374)
[2019.10.19-04.14.59:492][493]LogModuleManager: Shutting down and abandoning module AutomationUtils (372)
[2019.10.19-04.14.59:492][493]LogModuleManager: Shutting down and abandoning module AlembicImporter (370)
[2019.10.19-04.14.59:492][493]LogModuleManager: Shutting down and abandoning module AlembicLibrary (369)
[2019.10.19-04.14.59:492][493]LogModuleManager: Shutting down and abandoning module GeometryCache (368)
[2019.10.19-04.14.59:492][493]LogModuleManager: Shutting down and abandoning module GeometryCacheEd (367)
[2019.10.19-04.14.59:492][493]LogModuleManager: Shutting down and abandoning module VariantManagerContent (362)
[2019.10.19-04.14.59:492][493]LogModuleManager: Shutting down and abandoning module DatasmithContentEditor (360)
[2019.10.19-04.14.59:492][493]LogModuleManager: Shutting down and abandoning module SpeedTreeImporter (358)
[2019.10.19-04.14.59:492][493]LogModuleManager: Shutting down and abandoning module PluginBrowser (356)
[2019.10.19-04.14.59:492][493]LogModuleManager: Shutting down and abandoning module MobileLauncherProfileWizard (354)
[2019.10.19-04.14.59:493][493]LogModuleManager: Shutting down and abandoning module MaterialAnalyzer (352)
[2019.10.19-04.14.59:493][493]LogModuleManager: Shutting down and abandoning module CurveEditorTools (350)
[2019.10.19-04.14.59:493][493]LogModuleManager: Shutting down and abandoning module CurveEditor (349)
[2019.10.19-04.14.59:494][493]LogModuleManager: Shutting down and abandoning module CryptoKeysOpenSSL (346)
[2019.10.19-04.14.59:494][493]LogModuleManager: Shutting down and abandoning module CryptoKeys (344)
[2019.10.19-04.14.59:494][493]LogModuleManager: Shutting down and abandoning module VisualStudioSourceCodeAccess (342)
[2019.10.19-04.14.59:494][493]LogModuleManager: Shutting down and abandoning module VisualStudioCodeSourceCodeAccess (340)
[2019.10.19-04.14.59:494][493]LogModuleManager: Shutting down and abandoning module UObjectPlugin (338)
[2019.10.19-04.14.59:494][493]LogModuleManager: Shutting down and abandoning module SubversionSourceControl (336)
[2019.10.19-04.14.59:494][493]LogModuleManager: Shutting down and abandoning module PerforceSourceControl (334)
[2019.10.19-04.14.59:494][493]LogModuleManager: Shutting down and abandoning module GitSourceControl (332)
[2019.10.19-04.14.59:494][493]LogModuleManager: Shutting down and abandoning module SourceControl (331)
[2019.10.19-04.14.59:494][493]LogModuleManager: Shutting down and abandoning module CLionSourceCodeAccess (328)
[2019.10.19-04.14.59:494][493]LogModuleManager: Shutting down and abandoning module AnimationSharingEd (326)
[2019.10.19-04.14.59:494][493]LogModuleManager: Shutting down and abandoning module ActorLayerUtilitiesEditor (324)
[2019.10.19-04.14.59:494][493]LogModuleManager: Shutting down and abandoning module ActorLayerUtilities (322)
[2019.10.19-04.14.59:494][493]LogModuleManager: Shutting down and abandoning module LightPropagationVolumeEditor (320)
[2019.10.19-04.14.59:494][493]LogModuleManager: Shutting down and abandoning module PaperTiledImporter (318)
[2019.10.19-04.14.59:494][493]LogModuleManager: Shutting down and abandoning module PaperSpriteSheetImporter (316)
[2019.10.19-04.14.59:494][493]LogModuleManager: Shutting down and abandoning module Paper2DEditor (314)
[2019.10.19-04.14.59:494][493]LogModuleManager: Shutting down and abandoning module SignificanceManager (312)
[2019.10.19-04.14.59:494][493]LogModuleManager: Shutting down and abandoning module RuntimePhysXCooking (310)
[2019.10.19-04.14.59:494][493]LogModuleManager: Shutting down and abandoning module PhysXVehiclesEditor (308)
[2019.10.19-04.14.59:495][493]LogModuleManager: Shutting down and abandoning module LocationServicesBPLibrary (304)
[2019.10.19-04.14.59:495][493]LogModuleManager: Shutting down and abandoning module ActorSequence (302)
[2019.10.19-04.14.59:495][493]LogModuleManager: Shutting down and abandoning module UdpMessaging (300)
[2019.10.19-04.14.59:595][493]LogModuleManager: Shutting down and abandoning module TcpMessaging (298)
[2019.10.19-04.14.59:696][493]LogModuleManager: Shutting down and abandoning module MagicLeapIdentity (296)
[2019.10.19-04.14.59:696][493]LogModuleManager: Shutting down and abandoning module MagicLeapSecureStorage (294)
[2019.10.19-04.14.59:696][493]LogModuleManager: Shutting down and abandoning module MagicLeapHandTracking (292)
[2019.10.19-04.14.59:696][493]LogModuleManager: Shutting down and abandoning module MagicLeapEyeTracker (290)
[2019.10.19-04.14.59:696][493]LogModuleManager: Shutting down and abandoning module MagicLeapController (288)
[2019.10.19-04.14.59:696][493]LogSlate: Slate User Destroyed.  User Index 0, Is Virtual User: 0
[2019.10.19-04.14.59:696][493]LogModuleManager: Shutting down and abandoning module MagicLeapAR (286)
[2019.10.19-04.14.59:696][493]LogModuleManager: Shutting down and abandoning module AugmentedReality (285)
[2019.10.19-04.14.59:696][493]LogModuleManager: Shutting down and abandoning module GameplayTagsEditor (282)
[2019.10.19-04.14.59:696][493]LogModuleManager: Shutting down and abandoning module FacialAnimationEditor (280)
[2019.10.19-04.14.59:696][493]LogModuleManager: Shutting down and abandoning module FacialAnimation (278)
[2019.10.19-04.14.59:696][493]LogModuleManager: Shutting down and abandoning module DataValidation (276)
[2019.10.19-04.14.59:696][493]LogModuleManager: Shutting down and abandoning module AssetManagerEditor (274)
[2019.10.19-04.14.59:697][493]LogModuleManager: Shutting down and abandoning module LevelEditor (273)
[2019.10.19-04.14.59:697][493]LogModuleManager: Shutting down and abandoning module PixelInspectorModule (272)
[2019.10.19-04.14.59:697][493]LogModuleManager: Shutting down and abandoning module CommonMenuExtensions (270)
[2019.10.19-04.14.59:697][493]LogModuleManager: Shutting down and abandoning module MainFrame (268)
[2019.10.19-04.14.59:697][493]LogModuleManager: Shutting down and abandoning module HotReload (267)
[2019.10.19-04.14.59:698][493]LogModuleManager: Shutting down and abandoning module ContentBrowser (263)
[2019.10.19-04.14.59:698][493]LogModuleManager: Shutting down and abandoning module TreeMap (261)
[2019.10.19-04.14.59:698][493]LogModuleManager: Shutting down and abandoning module AnimationSharing (258)
[2019.10.19-04.14.59:698][493]LogModuleManager: Shutting down and abandoning module LightPropagationVolumeRuntime (256)
[2019.10.19-04.14.59:698][493]LogModuleManager: Shutting down and abandoning module Paper2D (254)
[2019.10.19-04.14.59:698][493]LogModuleManager: Shutting down and abandoning module WindowsMoviePlayer (252)
[2019.10.19-04.14.59:698][493]LogModuleManager: Shutting down and abandoning module WebMMoviePlayer (250)
[2019.10.19-04.14.59:699][493]LogModuleManager: Shutting down and abandoning module NetworkReplayStreaming (248)
[2019.10.19-04.14.59:699][493]LogModuleManager: Shutting down and abandoning module PacketHandler (246)
[2019.10.19-04.14.59:699][493]LogModuleManager: Shutting down and abandoning module ClothingSystemEditor (244)
[2019.10.19-04.14.59:699][493]LogModuleManager: Shutting down and abandoning module ClothingSystemRuntime (242)
[2019.10.19-04.14.59:699][493]LogModuleManager: Shutting down and abandoning module MediaAssets (240)
[2019.10.19-04.14.59:699][493]LogModuleManager: Shutting down and abandoning module Overlay (238)
[2019.10.19-04.14.59:699][493]LogModuleManager: Shutting down and abandoning module OverlayEditor (237)
[2019.10.19-04.14.59:699][493]LogModuleManager: Shutting down and abandoning module VREditor (234)
[2019.10.19-04.14.59:699][493]LogModuleManager: Shutting down and abandoning module StringTableEditor (232)
[2019.10.19-04.14.59:700][493]LogModuleManager: Shutting down and abandoning module GameplayTasksEditor (230)
[2019.10.19-04.14.59:700][493]LogModuleManager: Shutting down and abandoning module BehaviorTreeEditor (228)
[2019.10.19-04.14.59:701][493]LogModuleManager: Shutting down and abandoning module FunctionalTesting (226)
[2019.10.19-04.14.59:701][493]LogModuleManager: Shutting down and abandoning module CollisionAnalyzer (224)
[2019.10.19-04.14.59:701][493]LogModuleManager: Shutting down and abandoning module WorkspaceMenuStructure (223)
[2019.10.19-04.14.59:701][493]LogModuleManager: Shutting down and abandoning module UMG (220)
[2019.10.19-04.14.59:701][493]LogModuleManager: Shutting down and abandoning module UMGEditor (219)
[2019.10.19-04.14.59:701][493]LogModuleManager: Shutting down and abandoning module Sequencer (218)
[2019.10.19-04.14.59:702][493]LogModuleManager: Shutting down and abandoning module MessageLog (215)
[2019.10.19-04.14.59:703][493]LogModuleManager: Shutting down and abandoning module SlateReflector (210)
[2019.10.19-04.14.59:703][493]LogModuleManager: Shutting down and abandoning module Slate (208)
[2019.10.19-04.14.59:703][493]LogModuleManager: Shutting down and abandoning module LandscapeEditorUtilities (206)
[2019.10.19-04.14.59:703][493]LogModuleManager: Shutting down and abandoning module EditorStyle (204)
[2019.10.19-04.14.59:704][493]LogModuleManager: Shutting down and abandoning module UnrealEd (202)
[2019.10.19-04.14.59:704][493]LogModuleManager: Shutting down and abandoning module MRMesh (200)
[2019.10.19-04.14.59:704][493]LogModuleManager: Shutting down and abandoning module SourceCodeAccess (198)
[2019.10.19-04.14.59:704][493]LogModuleManager: Shutting down and abandoning module HeadMountedDisplay (196)
[2019.10.19-04.14.59:704][493]LogModuleManager: Shutting down and abandoning module XAudio2 (194)
[2019.10.19-04.14.59:704][493]LogModuleManager: Shutting down and abandoning module Networking (192)
[2019.10.19-04.14.59:704][493]LogModuleManager: Shutting down and abandoning module Core (190)
[2019.10.19-04.14.59:704][493]LogModuleManager: Shutting down and abandoning module KismetCompiler (188)
[2019.10.19-04.14.59:704][493]LogModuleManager: Shutting down and abandoning module MeshUtilities (186)
[2019.10.19-04.14.59:704][493]LogModuleManager: Shutting down and abandoning module MeshMergeUtilities (185)
[2019.10.19-04.14.59:704][493]LogModuleManager: Shutting down and abandoning module MeshReductionInterface (184)
[2019.10.19-04.14.59:704][493]LogModuleManager: Shutting down and abandoning module SkeletalMeshReduction (183)
[2019.10.19-04.14.59:704][493]LogModuleManager: Shutting down and abandoning module ProxyLODMeshReduction (181)
[2019.10.19-04.14.59:705][493]LogModuleManager: Shutting down and abandoning module QuadricMeshReduction (179)
[2019.10.19-04.14.59:705][493]LogModuleManager: Shutting down and abandoning module MaterialBaking (175)
[2019.10.19-04.14.59:705][493]LogModuleManager: Shutting down and abandoning module NullInstallBundleManager (170)
[2019.10.19-04.14.59:705][493]LogModuleManager: Shutting down and abandoning module DerivedDataCache (168)
[2019.10.19-04.14.59:757][493]LogDerivedDataCache: Shutdown
[2019.10.19-04.14.59:757][493]LogModuleManager: Shutting down and abandoning module XGEController (166)
[2019.10.19-04.14.59:757][493]LogXGEController: Cleaning working directory: C:/Users/tmdgu/AppData/Local/Temp/UnrealXGEWorkingDir/
[2019.10.19-04.14.59:757][493]LogModuleManager: Shutting down and abandoning module TargetPlatform (164)
[2019.10.19-04.14.59:757][493]LogModuleManager: Shutting down and abandoning module VulkanShaderFormat (163)
[2019.10.19-04.14.59:757][493]LogModuleManager: Shutting down and abandoning module ShaderFormatVectorVM (161)
[2019.10.19-04.14.59:757][493]LogModuleManager: Shutting down and abandoning module ShaderFormatOpenGL (159)
[2019.10.19-04.14.59:758][493]LogModuleManager: Shutting down and abandoning module ShaderFormatD3D (157)
[2019.10.19-04.14.59:758][493]LogModuleManager: Shutting down and abandoning module MetalShaderFormat (155)
[2019.10.19-04.14.59:758][493]LogModuleManager: Shutting down and abandoning module TextureFormatUncompressed (153)
[2019.10.19-04.14.59:758][493]LogModuleManager: Shutting down and abandoning module TextureFormatPVR (151)
[2019.10.19-04.14.59:758][493]LogModuleManager: Shutting down and abandoning module TextureFormatDXT (149)
[2019.10.19-04.14.59:758][493]LogModuleManager: Shutting down and abandoning module TextureFormatIntelISPCTexComp (147)
[2019.10.19-04.14.59:758][493]LogModuleManager: Shutting down and abandoning module TextureFormatASTC (145)
[2019.10.19-04.14.59:758][493]LogModuleManager: Shutting down and abandoning module ImageWrapper (144)
[2019.10.19-04.14.59:758][493]LogModuleManager: Shutting down and abandoning module TextureFormatAndroid (141)
[2019.10.19-04.14.59:758][493]LogModuleManager: Shutting down and abandoning module AudioFormatOpus (139)
[2019.10.19-04.14.59:758][493]LogModuleManager: Shutting down and abandoning module AudioFormatOgg (137)
[2019.10.19-04.14.59:758][493]LogModuleManager: Shutting down and abandoning module AudioFormatADPCM (135)
[2019.10.19-04.14.59:758][493]LogModuleManager: Shutting down and abandoning module LuminTargetPlatform (133)
[2019.10.19-04.14.59:759][493]LogModuleManager: Shutting down and abandoning module LinuxTargetPlatform (131)
[2019.10.19-04.14.59:759][493]LogModuleManager: Shutting down and abandoning module LinuxServerTargetPlatform (129)
[2019.10.19-04.14.59:759][493]LogModuleManager: Shutting down and abandoning module LinuxNoEditorTargetPlatform (127)
[2019.10.19-04.14.59:759][493]LogModuleManager: Shutting down and abandoning module LinuxClientTargetPlatform (125)
[2019.10.19-04.14.59:759][493]LogModuleManager: Shutting down and abandoning module TVOSTargetPlatform (123)
[2019.10.19-04.14.59:759][493]LogModuleManager: Shutting down and abandoning module Messaging (121)
[2019.10.19-04.14.59:759][493]LogModuleManager: Shutting down and abandoning module IOSTargetPlatform (119)
[2019.10.19-04.14.59:760][493]LogModuleManager: Shutting down and abandoning module HTML5TargetPlatform (117)
[2019.10.19-04.14.59:760][493]LogModuleManager: Shutting down and abandoning module AndroidTargetPlatform (115)
[2019.10.19-04.14.59:766][493]LogModuleManager: Shutting down and abandoning module WindowsTargetPlatform (113)
[2019.10.19-04.14.59:766][493]LogModuleManager: Shutting down and abandoning module WindowsServerTargetPlatform (111)
[2019.10.19-04.14.59:766][493]LogModuleManager: Shutting down and abandoning module WindowsNoEditorTargetPlatform (109)
[2019.10.19-04.14.59:766][493]LogModuleManager: Shutting down and abandoning module WindowsClientTargetPlatform (107)
[2019.10.19-04.14.59:766][493]LogModuleManager: Shutting down and abandoning module MacTargetPlatform (105)
[2019.10.19-04.14.59:766][493]LogModuleManager: Shutting down and abandoning module MacServerTargetPlatform (103)
[2019.10.19-04.14.59:766][493]LogModuleManager: Shutting down and abandoning module MacNoEditorTargetPlatform (101)
[2019.10.19-04.14.59:766][493]LogModuleManager: Shutting down and abandoning module MacClientTargetPlatform (99)
[2019.10.19-04.14.59:766][493]LogModuleManager: Shutting down and abandoning module AllDesktopTargetPlatform (97)
[2019.10.19-04.14.59:766][493]LogModuleManager: Shutting down and abandoning module InputCore (94)
[2019.10.19-04.14.59:766][493]LogModuleManager: Shutting down and abandoning module Settings (92)
[2019.10.19-04.14.59:766][493]LogModuleManager: Shutting down and abandoning module DirectoryWatcher (90)
[2019.10.19-04.14.59:766][493]LogModuleManager: Shutting down and abandoning module PhysXCooking (88)
[2019.10.19-04.14.59:766][493]LogModuleManager: Shutting down and abandoning module WindowsPlatformFeatures (86)
[2019.10.19-04.14.59:766][493]LogModuleManager: Shutting down and abandoning module GameplayMediaEncoder (85)
[2019.10.19-04.14.59:767][493]LogModuleManager: Shutting down and abandoning module SteamVR (82)
[2019.10.19-04.14.59:767][493]LogHMD: Freeing OpenVRDLLHandle.
[2019.10.19-04.14.59:767][493]LogModuleManager: Shutting down and abandoning module OculusHMD (80)
[2019.10.19-04.14.59:767][493]LogModuleManager: Shutting down and abandoning module GoogleVRHMD (78)
[2019.10.19-04.14.59:767][493]LogModuleManager: Shutting down and abandoning module GoogleVRController (76)
[2019.10.19-04.14.59:767][493]LogModuleManager: Shutting down and abandoning module ExampleDeviceProfileSelector (74)
[2019.10.19-04.14.59:767][493]LogModuleManager: Shutting down and abandoning module LauncherChunkInstaller (72)
[2019.10.19-04.14.59:767][493]LogModuleManager: Shutting down and abandoning module OnlineBlueprintSupport (70)
[2019.10.19-04.14.59:767][493]LogModuleManager: Shutting down and abandoning module OnlineSubsystem (66)
[2019.10.19-04.14.59:767][493]LogModuleManager: Shutting down and abandoning module XMPP (61)
[2019.10.19-04.14.59:768][493]LogModuleManager: Shutting down and abandoning module WebSockets (60)
[2019.10.19-04.14.59:772][493]LogModuleManager: Shutting down and abandoning module HTTP (57)
[2019.10.19-04.14.59:772][493]LogHttp: Display: Http module shutting down, but needs to wait on 1 outstanding Http requests:
[2019.10.19-04.14.59:772][493]LogHttp: Display: 	verb=[POST] url=[https://datarouter.ol.epicgames.com/datarouter/api/v1/public/data?SessionID=%7BD084D040-414C-F621-FD3B-25A2C3A68DA5%7D&AppID=UEEditor.Rocket.Release&AppVersion=4.23.0-8386587%2B%2B%2BUE4%2BRelease-4.23&UserID=c926e31646fa62247dd2c7a3bcf3dd63%7C135e5e24af2146cea8cb53ef7b02fb63%7C86f5d219-038b-4cc1-a3e3-10620ad7b20e&AppEnvironment=datacollector-binary&UploadType=eteventstream] status=Processing
[2019.10.19-04.14.59:780][493]LogModuleManager: Shutting down and abandoning module SSL (56)
[2019.10.19-04.14.59:781][493]LogModuleManager: Shutting down and abandoning module WmfMedia (52)
[2019.10.19-04.14.59:782][493]LogModuleManager: Shutting down and abandoning module Media (51)
[2019.10.19-04.14.59:783][493]LogModuleManager: Shutting down and abandoning module MagicLeap (48)
[2019.10.19-04.14.59:783][493]LogModuleManager: Shutting down and abandoning module DatasmithContent (46)
[2019.10.19-04.14.59:783][493]LogModuleManager: Shutting down and abandoning module AISupportModule (44)
[2019.10.19-04.14.59:783][493]LogModuleManager: Shutting down and abandoning module PlatformCryptoOpenSSL (42)
[2019.10.19-04.14.59:783][493]LogModuleManager: Shutting down and abandoning module PlatformCrypto (40)
[2019.10.19-04.14.59:783][493]LogModuleManager: Shutting down and abandoning module AnimationModifiers (38)
[2019.10.19-04.14.59:783][493]LogModuleManager: Shutting down and abandoning module PropertyEditor (37)
[2019.10.19-04.14.59:783][493]LogModuleManager: Shutting down and abandoning module AudioEditor (34)
[2019.10.19-04.14.59:784][493]LogModuleManager: Shutting down and abandoning module TextureCompressor (32)
[2019.10.19-04.14.59:784][493]LogModuleManager: Shutting down and abandoning module RenderCore (30)
[2019.10.19-04.14.59:784][493]LogModuleManager: Shutting down and abandoning module Landscape (28)
[2019.10.19-04.14.59:784][493]LogModuleManager: Shutting down and abandoning module SlateRHIRenderer (26)
[2019.10.19-04.14.59:786][493]LogModuleManager: Shutting down and abandoning module OpenGLDrv (24)
[2019.10.19-04.14.59:786][493]LogModuleManager: Shutting down and abandoning module D3D11RHI (22)
[2019.10.19-04.14.59:786][493]LogModuleManager: Shutting down and abandoning module AnimGraphRuntime (20)
[2019.10.19-04.14.59:786][493]LogModuleManager: Shutting down and abandoning module Renderer (18)
[2019.10.19-04.14.59:786][493]LogModuleManager: Shutting down and abandoning module Engine (16)
[2019.10.19-04.14.59:786][493]LogModuleManager: Shutting down and abandoning module CoreUObject (14)
[2019.10.19-04.14.59:786][493]LogModuleManager: Shutting down and abandoning module NetworkFile (12)
[2019.10.19-04.14.59:786][493]LogModuleManager: Shutting down and abandoning module CookedIterativeFile (10)
[2019.10.19-04.14.59:786][493]LogModuleManager: Shutting down and abandoning module StreamingFile (8)
[2019.10.19-04.14.59:787][493]LogModuleManager: Shutting down and abandoning module SandboxFile (6)
[2019.10.19-04.14.59:787][493]LogModuleManager: Shutting down and abandoning module PakFile (4)
[2019.10.19-04.14.59:787][493]LogModuleManager: Shutting down and abandoning module RSA (3)
[2019.10.19-04.14.59:787][493]LogD3D11RHI: Shutdown
[2019.10.19-04.14.59:787][493]LogD3D11RHI: CleanupD3DDevice
[2019.10.19-04.14.59:788][493]LogRendererCore: FGlobalDynamicReadBuffer::Cleanup()
[2019.10.19-04.14.59:788][493]LogRendererCore: FGlobalDynamicReadBuffer::Cleanup()
[2019.10.19-04.14.59:788][493]LogRendererCore: FGlobalDynamicReadBuffer::Cleanup()
[2019.10.19-04.14.59:887][493]LogD3D11RHI: ~FD3D11DynamicRHI
[2019.10.19-04.14.59:899][493]LogExit: Exiting.
[2019.10.19-04.14.59:908][493]Log file closed, 10/19/19 13:14:59
