Log file open, 10/29/19 09:46:21
LogWindows: Failed to load 'aqProf.dll' (GetLastError=126)
LogWindows: File 'aqProf.dll' does not exist
LogWindows: Failed to load 'VtuneApi.dll' (GetLastError=126)
LogWindows: File 'VtuneApi.dll' does not exist
LogWindows: Failed to load 'VtuneApi32e.dll' (GetLastError=126)
LogWindows: File 'VtuneApi32e.dll' does not exist
LogConsoleResponse: Display: Failed to find resolution value strings in scalability ini. Falling back to default.
LogInit: Display: Running engine for game: SuperCool
LogPlatformFile: Not using cached read wrapper
LogTaskGraph: Started task graph with 5 named threads and 35 total threads with 3 sets of task threads.
LogStats: Stats thread started at 4.831420
LogD3D11RHI: Loaded GFSDK_Aftermath_Lib.x64.dll
LogICUInternationalization: ICU TimeZone Detection - Raw Offset: +9:00, Platform Override: ''
LogPluginManager: Mounting plugin Paper2D
LogPluginManager: Mounting plugin AISupport
LogPluginManager: Mounting plugin LightPropagationVolume
LogPluginManager: Mounting plugin ActorLayerUtilities
LogPluginManager: Mounting plugin AnimationSharing
LogPluginManager: Mounting plugin CLionSourceCodeAccess
LogPluginManager: Mounting plugin CodeLiteSourceCodeAccess
LogPluginManager: Mounting plugin GitSourceControl
LogPluginManager: Mounting plugin KDevelopSourceCodeAccess
LogPluginManager: Mounting plugin NullSourceCodeAccess
LogPluginManager: Mounting plugin PerforceSourceControl
LogPluginManager: Mounting plugin SubversionSourceControl
LogPluginManager: Mounting plugin UObjectPlugin
LogPluginManager: Mounting plugin VisualStudioCodeSourceCodeAccess
LogPluginManager: Mounting plugin VisualStudioSourceCodeAccess
LogPluginManager: Mounting plugin XCodeSourceCodeAccess
LogPluginManager: Mounting plugin AssetManagerEditor
LogPluginManager: Mounting plugin CryptoKeys
LogPluginManager: Mounting plugin CurveEditorTools
LogPluginManager: Mounting plugin DataValidation
LogPluginManager: Mounting plugin FacialAnimation
LogPluginManager: Mounting plugin GameplayTagsEditor
LogPluginManager: Mounting plugin MacGraphicsSwitching
LogPluginManager: Mounting plugin MaterialAnalyzer
LogPluginManager: Mounting plugin MobileLauncherProfileWizard
LogPluginManager: Mounting plugin PluginBrowser
LogPluginManager: Mounting plugin SpeedTreeImporter
LogPluginManager: Mounting plugin DatasmithContent
LogPluginManager: Mounting plugin VariantManagerContent
LogPluginManager: Mounting plugin AlembicImporter
LogPluginManager: Mounting plugin AutomationUtils
LogPluginManager: Mounting plugin BackChannel
LogPluginManager: Mounting plugin CharacterAI
LogPluginManager: Mounting plugin GeometryCache
LogPluginManager: Mounting plugin HTML5Networking
LogPluginManager: Mounting plugin PlatformCrypto
LogPluginManager: Mounting plugin ProxyLODPlugin
LogPluginManager: Mounting plugin SkeletalReduction
LogPluginManager: Mounting plugin MagicLeap
LogPluginManager: Mounting plugin MagicLeapMedia
LogPluginManager: Mounting plugin AndroidMedia
LogPluginManager: Mounting plugin AvfMedia
LogPluginManager: Mounting plugin ImgMedia
LogPluginManager: Mounting plugin MediaCompositing
LogPluginManager: Mounting plugin MediaPlayerEditor
LogPluginManager: Mounting plugin WebMMedia
LogPluginManager: Mounting plugin WmfMedia
LogPluginManager: Mounting plugin TcpMessaging
LogPluginManager: Mounting plugin UdpMessaging
LogPluginManager: Mounting plugin ActorSequence
LogPluginManager: Mounting plugin LevelSequenceEditor
LogPluginManager: Mounting plugin MatineeToLevelSequence
LogPluginManager: Mounting plugin NetcodeUnitTest
LogPluginManager: Mounting plugin NUTUnrealEngine4
LogPluginManager: Mounting plugin OnlineSubsystemGooglePlay
LogPluginManager: Mounting plugin OnlineSubsystemIOS
LogPluginManager: Mounting plugin OnlineSubsystem
LogPluginManager: Mounting plugin OnlineSubsystemNull
LogPluginManager: Mounting plugin OnlineSubsystemUtils
LogPluginManager: Mounting plugin LauncherChunkInstaller
LogPluginManager: Mounting plugin AndroidDeviceProfileSelector
LogPluginManager: Mounting plugin AndroidMoviePlayer
LogPluginManager: Mounting plugin AndroidPermission
LogPluginManager: Mounting plugin ApexDestruction
LogPluginManager: Mounting plugin AppleImageUtils
LogPluginManager: Mounting plugin AppleMoviePlayer
LogPluginManager: Mounting plugin ArchVisCharacter
LogPluginManager: Mounting plugin AudioCapture
LogPluginManager: Mounting plugin CableComponent
LogPluginManager: Mounting plugin CustomMeshComponent
LogPluginManager: Mounting plugin EditableMesh
LogPluginManager: Mounting plugin ExampleDeviceProfileSelector
LogPluginManager: Mounting plugin GoogleCloudMessaging
LogPluginManager: Mounting plugin GoogleVRController
LogPluginManager: Mounting plugin GoogleVRHMD
LogPluginManager: Mounting plugin IOSDeviceProfileSelector
LogPluginManager: Mounting plugin LinuxDeviceProfileSelector
LogPluginManager: Mounting plugin LocationServicesBPLibrary
LogPluginManager: Mounting plugin MobilePatchingUtils
LogPluginManager: Mounting plugin OculusVR
LogPluginManager: Mounting plugin PhysXVehicles
LogPluginManager: Mounting plugin ProceduralMeshComponent
LogPluginManager: Mounting plugin RuntimePhysXCooking
LogPluginManager: Mounting plugin SignificanceManager
LogPluginManager: Mounting plugin SteamVR
LogPluginManager: Mounting plugin WebMMoviePlayer
LogPluginManager: Mounting plugin WindowsMoviePlayer
LogPluginManager: Mounting plugin ScreenshotTools
LogInit: Using libcurl 7.55.1-DEV
LogInit:  - built for x86_64-pc-win32
LogInit:  - supports SSL with OpenSSL/1.1.1
LogInit:  - supports HTTP deflate (compression) using libz 1.2.8
LogInit:  - other features:
LogInit:      CURL_VERSION_SSL
LogInit:      CURL_VERSION_LIBZ
LogInit:      CURL_VERSION_IPV6
LogInit:      CURL_VERSION_ASYNCHDNS
LogInit:      CURL_VERSION_LARGEFILE
LogInit:      CURL_VERSION_IDN
LogInit:  CurlRequestOptions (configurable via config and command line):
LogInit:  - bVerifyPeer = true  - Libcurl will verify peer certificate
LogInit:  - bUseHttpProxy = false  - Libcurl will NOT use HTTP proxy
LogInit:  - bDontReuseConnections = false  - Libcurl will reuse connections
LogInit:  - MaxHostConnections = 16  - Libcurl will limit the number of connections to a host
LogInit:  - LocalHostAddr = Default
LogInit:  - BufferSize = 65536
LogOnline: OSS: Creating online subsystem instance for: NULL
LogInit: WinSock: version 1.1 (2.2), MaxSocks=32767, MaxUdp=65467
LogHMD: Failed initializing OVRPlugin 1.37.0
LogInit: Build: ++UE4+Release-4.23-CL-9631420
LogInit: Engine Version: 4.23.1-9631420+++UE4+Release-4.23
LogInit: Compatible Engine Version: 4.23.0-8386587+++UE4+Release-4.23
LogInit: Net CL: 8386587
LogInit: OS: Windows 10 (Release 1809) (), CPU: Intel(R) Core(TM) i7-8700 CPU @ 3.20GHz, GPU: Intel(R) UHD Graphics 630
LogInit: Compiled (64-bit): Oct 18 2019 02:07:44
LogInit: Compiled with Visual C++: 19.16.27030.01
LogInit: Build Configuration: Development
LogInit: Branch Name: ++UE4+Release-4.23
LogInit: Command Line: 
LogInit: Base Directory: D:/Unreal/UE_4.23/Engine/Binaries/Win64/
LogInit: Installed Engine Build: 1
LogDevObjectVersion: Number of dev versions registered: 23
LogDevObjectVersion:   Dev-Blueprints (B0D832E4-1F89-4F0D-ACCF-7EB736FD4AA2): 10
LogDevObjectVersion:   Dev-Build (E1C64328-A22C-4D53-A36C-8E866417BD8C): 0
LogDevObjectVersion:   Dev-Core (375EC13C-06E4-48FB-B500-84F0262A717E): 3
LogDevObjectVersion:   Dev-Editor (E4B068ED-F494-42E9-A231-DA0B2E46BB41): 34
LogDevObjectVersion:   Dev-Framework (CFFC743F-43B0-4480-9391-14DF171D2073): 35
LogDevObjectVersion:   Dev-Mobile (B02B49B5-BB20-44E9-A304-32B752E40360): 2
LogDevObjectVersion:   Dev-Networking (A4E4105C-59A1-49B5-A7C5-40C4547EDFEE): 0
LogDevObjectVersion:   Dev-Online (39C831C9-5AE6-47DC-9A44-9C173E1C8E7C): 0
LogDevObjectVersion:   Dev-Physics (78F01B33-EBEA-4F98-B9B4-84EACCB95AA2): 0
LogDevObjectVersion:   Dev-Platform (6631380F-2D4D-43E0-8009-CF276956A95A): 0
LogDevObjectVersion:   Dev-Rendering (12F88B9F-8875-4AFC-A67C-D90C383ABD29): 31
LogDevObjectVersion:   Dev-Sequencer (7B5AE74C-D270-4C10-A958-57980B212A5A): 11
LogDevObjectVersion:   Dev-VR (D7296918-1DD6-4BDD-9DE2-64A83CC13884): 2
LogDevObjectVersion:   Dev-LoadTimes (C2A15278-BFE7-4AFE-6C17-90FF531DF755): 1
LogDevObjectVersion:   Private-Geometry (6EACA3D4-40EC-4CC1-B786-8BED09428FC5): 3
LogDevObjectVersion:   Dev-AnimPhys (29E575DD-E0A3-4627-9D10-D276232CDCEA): 17
LogDevObjectVersion:   Dev-Anim (AF43A65D-7FD3-4947-9873-3E8ED9C1BB05): 2
LogDevObjectVersion:   Dev-ReflectionCapture (6B266CEC-1EC7-4B8F-A30B-E4D90942FC07): 1
LogDevObjectVersion:   Dev-Automation (0DF73D61-A23F-47EA-B727-89E90C41499A): 1
LogDevObjectVersion:   FortniteMain (601D1886-AC64-4F84-AA16-D3DE0DEAC7D6): 27
LogDevObjectVersion:   Dev-Enterprise (9DFFBCD6-494F-0158-E221-12823C92A888): 6
LogDevObjectVersion:   Dev-Niagara (F2AED0AC-9AFE-416F-8664-AA7FFA26D6FC): 1
LogDevObjectVersion:   Dev-Destruction (174F1F0B-B4C6-45A5-B13F-2EE8D0FB917D): 9
LogInit: Presizing for max 16777216 objects, including 0 objects not considered by GC, pre-allocating 0 bytes for permanent pool.
LogInit: Object subsystem initialized
LogConfig: Setting CVar [[con.DebugEarlyDefault:1]]
LogConfig: Setting CVar [[r.setres:1280x720]]
[2019.10.29-00.46.26:854][  0]LogConfig: Setting CVar [[r.VSync:0]]
[2019.10.29-00.46.26:855][  0]LogConfig: Setting CVar [[r.RHICmdBypass:0]]
[2019.10.29-00.46.26:856][  0]LogConfig: Applying CVar settings from Section [/Script/Engine.RendererSettings] File [C:/Users/bitcamp/Desktop/SuperCool 10월 28일 10시/SuperCool/Saved/Config/Windows/Engine.ini]
[2019.10.29-00.46.26:856][  0]LogConfig: Setting CVar [[r.GPUCrashDebugging:0]]
[2019.10.29-00.46.26:857][  0]LogConfig: Applying CVar settings from Section [/Script/Engine.RendererOverrideSettings] File [C:/Users/bitcamp/Desktop/SuperCool 10월 28일 10시/SuperCool/Saved/Config/Windows/Engine.ini]
[2019.10.29-00.46.26:858][  0]LogConfig: Applying CVar settings from Section [/Script/Engine.StreamingSettings] File [C:/Users/bitcamp/Desktop/SuperCool 10월 28일 10시/SuperCool/Saved/Config/Windows/Engine.ini]
[2019.10.29-00.46.26:859][  0]LogConfig: Setting CVar [[s.MinBulkDataSizeForAsyncLoading:131072]]
[2019.10.29-00.46.26:860][  0]LogConfig: Setting CVar [[s.AsyncLoadingThreadEnabled:0]]
[2019.10.29-00.46.26:860][  0]LogConfig: Setting CVar [[s.EventDrivenLoaderEnabled:1]]
[2019.10.29-00.46.26:861][  0]LogConfig: Setting CVar [[s.WarnIfTimeLimitExceeded:0]]
[2019.10.29-00.46.26:862][  0]LogConfig: Setting CVar [[s.TimeLimitExceededMultiplier:1.5]]
[2019.10.29-00.46.26:863][  0]LogConfig: Setting CVar [[s.TimeLimitExceededMinTime:0.005]]
[2019.10.29-00.46.26:863][  0]LogConfig: Setting CVar [[s.UseBackgroundLevelStreaming:1]]
[2019.10.29-00.46.26:864][  0]LogConfig: Setting CVar [[s.PriorityAsyncLoadingExtraTime:15.0]]
[2019.10.29-00.46.26:865][  0]LogConfig: Setting CVar [[s.LevelStreamingActorsUpdateTimeLimit:5.0]]
[2019.10.29-00.46.26:865][  0]LogConfig: Setting CVar [[s.PriorityLevelStreamingActorsUpdateExtraTime:5.0]]
[2019.10.29-00.46.26:866][  0]LogConfig: Setting CVar [[s.LevelStreamingComponentsRegistrationGranularity:10]]
[2019.10.29-00.46.26:867][  0]LogConfig: Setting CVar [[s.UnregisterComponentsTimeLimit:1.0]]
[2019.10.29-00.46.26:867][  0]LogConfig: Setting CVar [[s.LevelStreamingComponentsUnregistrationGranularity:5]]
[2019.10.29-00.46.26:868][  0]LogConfig: Applying CVar settings from Section [/Script/Engine.GarbageCollectionSettings] File [C:/Users/bitcamp/Desktop/SuperCool 10월 28일 10시/SuperCool/Saved/Config/Windows/Engine.ini]
[2019.10.29-00.46.26:871][  0]LogConfig: Setting CVar [[gc.MaxObjectsNotConsideredByGC:1]]
[2019.10.29-00.46.26:874][  0]LogConfig: Setting CVar [[gc.SizeOfPermanentObjectPool:0]]
[2019.10.29-00.46.26:876][  0]LogConfig: Setting CVar [[gc.FlushStreamingOnGC:0]]
[2019.10.29-00.46.26:877][  0]LogConfig: Setting CVar [[gc.NumRetriesBeforeForcingGC:10]]
[2019.10.29-00.46.26:878][  0]LogConfig: Setting CVar [[gc.AllowParallelGC:1]]
[2019.10.29-00.46.26:879][  0]LogConfig: Setting CVar [[gc.TimeBetweenPurgingPendingKillObjects:61.1]]
[2019.10.29-00.46.26:880][  0]LogConfig: Setting CVar [[gc.MaxObjectsInEditor:16777216]]
[2019.10.29-00.46.26:880][  0]LogConfig: Setting CVar [[gc.IncrementalBeginDestroyEnabled:1]]
[2019.10.29-00.46.26:880][  0]LogConfig: Setting CVar [[gc.CreateGCClusters:1]]
[2019.10.29-00.46.26:881][  0]LogConfig: Setting CVar [[gc.MinGCClusterSize:5]]
[2019.10.29-00.46.26:881][  0]LogConfig: Setting CVar [[gc.ActorClusteringEnabled:0]]
[2019.10.29-00.46.26:882][  0]LogConfig: Setting CVar [[gc.BlueprintClusteringEnabled:0]]
[2019.10.29-00.46.26:882][  0]LogConfig: Setting CVar [[gc.UseDisregardForGCOnDedicatedServers:0]]
[2019.10.29-00.46.26:882][  0]LogConfig: Applying CVar settings from Section [/Script/Engine.NetworkSettings] File [C:/Users/bitcamp/Desktop/SuperCool 10월 28일 10시/SuperCool/Saved/Config/Windows/Engine.ini]
[2019.10.29-00.46.26:883][  0]LogConfig: Applying CVar settings from Section [/Script/UnrealEd.CookerSettings] File [C:/Users/bitcamp/Desktop/SuperCool 10월 28일 10시/SuperCool/Saved/Config/Windows/Engine.ini]
[2019.10.29-00.46.26:994][  0]LogConfig: Applying CVar settings from Section [ViewDistanceQuality@3] File [C:/Users/bitcamp/Desktop/SuperCool 10월 28일 10시/SuperCool/Saved/Config/Windows/Scalability.ini]
[2019.10.29-00.46.26:994][  0]LogConfig: Setting CVar [[r.SkeletalMeshLODBias:0]]
[2019.10.29-00.46.26:995][  0]LogConfig: Setting CVar [[r.ViewDistanceScale:1.0]]
[2019.10.29-00.46.26:996][  0]LogConfig: Applying CVar settings from Section [AntiAliasingQuality@3] File [C:/Users/bitcamp/Desktop/SuperCool 10월 28일 10시/SuperCool/Saved/Config/Windows/Scalability.ini]
[2019.10.29-00.46.26:996][  0]LogConfig: Setting CVar [[r.PostProcessAAQuality:4]]
[2019.10.29-00.46.26:997][  0]LogConfig: Applying CVar settings from Section [ShadowQuality@3] File [C:/Users/bitcamp/Desktop/SuperCool 10월 28일 10시/SuperCool/Saved/Config/Windows/Scalability.ini]
[2019.10.29-00.46.26:997][  0]LogConfig: Setting CVar [[r.LightFunctionQuality:1]]
[2019.10.29-00.46.26:998][  0]LogConfig: Setting CVar [[r.ShadowQuality:5]]
[2019.10.29-00.46.26:999][  0]LogConfig: Setting CVar [[r.Shadow.CSM.MaxCascades:10]]
[2019.10.29-00.46.26:999][  0]LogConfig: Setting CVar [[r.Shadow.MaxResolution:2048]]
[2019.10.29-00.46.27:000][  0]LogConfig: Setting CVar [[r.Shadow.MaxCSMResolution:2048]]
[2019.10.29-00.46.27:004][  0]LogConfig: Setting CVar [[r.Shadow.RadiusThreshold:0.01]]
[2019.10.29-00.46.27:006][  0]LogConfig: Setting CVar [[r.Shadow.DistanceScale:1.0]]
[2019.10.29-00.46.27:007][  0]LogConfig: Setting CVar [[r.Shadow.CSM.TransitionScale:1.0]]
[2019.10.29-00.46.27:008][  0]LogConfig: Setting CVar [[r.Shadow.PreShadowResolutionFactor:1.0]]
[2019.10.29-00.46.27:008][  0]LogConfig: Setting CVar [[r.DistanceFieldShadowing:1]]
[2019.10.29-00.46.27:009][  0]LogConfig: Setting CVar [[r.DistanceFieldAO:1]]
[2019.10.29-00.46.27:010][  0]LogConfig: Setting CVar [[r.AOQuality:2]]
[2019.10.29-00.46.27:012][  0]LogConfig: Setting CVar [[r.VolumetricFog:1]]
[2019.10.29-00.46.27:012][  0]LogConfig: Setting CVar [[r.VolumetricFog.GridPixelSize:8]]
[2019.10.29-00.46.27:013][  0]LogConfig: Setting CVar [[r.VolumetricFog.GridSizeZ:128]]
[2019.10.29-00.46.27:014][  0]LogConfig: Setting CVar [[r.VolumetricFog.HistoryMissSupersampleCount:4]]
[2019.10.29-00.46.27:015][  0]LogConfig: Setting CVar [[r.LightMaxDrawDistanceScale:1]]
[2019.10.29-00.46.27:016][  0]LogConfig: Setting CVar [[r.CapsuleShadows:1]]
[2019.10.29-00.46.27:018][  0]LogConfig: Applying CVar settings from Section [PostProcessQuality@3] File [C:/Users/bitcamp/Desktop/SuperCool 10월 28일 10시/SuperCool/Saved/Config/Windows/Scalability.ini]
[2019.10.29-00.46.27:018][  0]LogConfig: Setting CVar [[r.MotionBlurQuality:4]]
[2019.10.29-00.46.27:019][  0]LogConfig: Setting CVar [[r.AmbientOcclusionMipLevelFactor:0.4]]
[2019.10.29-00.46.27:020][  0]LogConfig: Setting CVar [[r.AmbientOcclusionMaxQuality:100]]
[2019.10.29-00.46.27:021][  0]LogConfig: Setting CVar [[r.AmbientOcclusionLevels:-1]]
[2019.10.29-00.46.27:022][  0]LogConfig: Setting CVar [[r.AmbientOcclusionRadiusScale:1.0]]
[2019.10.29-00.46.27:022][  0]LogConfig: Setting CVar [[r.DepthOfFieldQuality:2]]
[2019.10.29-00.46.27:023][  0]LogConfig: Setting CVar [[r.RenderTargetPoolMin:400]]
[2019.10.29-00.46.27:024][  0]LogConfig: Setting CVar [[r.LensFlareQuality:2]]
[2019.10.29-00.46.27:024][  0]LogConfig: Setting CVar [[r.SceneColorFringeQuality:1]]
[2019.10.29-00.46.27:025][  0]LogConfig: Setting CVar [[r.EyeAdaptationQuality:2]]
[2019.10.29-00.46.27:026][  0]LogConfig: Setting CVar [[r.BloomQuality:5]]
[2019.10.29-00.46.27:027][  0]LogConfig: Setting CVar [[r.FastBlurThreshold:100]]
[2019.10.29-00.46.27:032][  0]LogConfig: Setting CVar [[r.Upscale.Quality:3]]
[2019.10.29-00.46.27:034][  0]LogConfig: Setting CVar [[r.Tonemapper.GrainQuantization:1]]
[2019.10.29-00.46.27:035][  0]LogConfig: Setting CVar [[r.LightShaftQuality:1]]
[2019.10.29-00.46.27:036][  0]LogConfig: Setting CVar [[r.Filter.SizeScale:1]]
[2019.10.29-00.46.27:037][  0]LogConfig: Setting CVar [[r.Tonemapper.Quality:5]]
[2019.10.29-00.46.27:038][  0]LogConfig: Setting CVar [[r.DOF.Gather.AccumulatorQuality:1        ; higher gathering accumulator quality]]
[2019.10.29-00.46.27:039][  0]LogConfig: Setting CVar [[r.DOF.Gather.PostfilterMethod:1          ; Median3x3 postfilering method]]
[2019.10.29-00.46.27:040][  0]LogConfig: Setting CVar [[r.DOF.Gather.EnableBokehSettings:0       ; no bokeh simulation when gathering]]
[2019.10.29-00.46.27:041][  0]LogConfig: Setting CVar [[r.DOF.Gather.RingCount:4                 ; medium number of samples when gathering]]
[2019.10.29-00.46.27:042][  0]LogConfig: Setting CVar [[r.DOF.Scatter.ForegroundCompositing:1    ; additive foreground scattering]]
[2019.10.29-00.46.27:042][  0]LogConfig: Setting CVar [[r.DOF.Scatter.BackgroundCompositing:2    ; additive background scattering]]
[2019.10.29-00.46.27:043][  0]LogConfig: Setting CVar [[r.DOF.Scatter.EnableBokehSettings:1      ; bokeh simulation when scattering]]
[2019.10.29-00.46.27:044][  0]LogConfig: Setting CVar [[r.DOF.Scatter.MaxSpriteRatio:0.1         ; only a maximum of 10% of scattered bokeh]]
[2019.10.29-00.46.27:045][  0]LogConfig: Setting CVar [[r.DOF.Recombine.Quality:1                ; cheap slight out of focus]]
[2019.10.29-00.46.27:046][  0]LogConfig: Setting CVar [[r.DOF.Recombine.EnableBokehSettings:0    ; no bokeh simulation on slight out of focus]]
[2019.10.29-00.46.27:047][  0]LogConfig: Setting CVar [[r.DOF.TemporalAAQuality:1                ; more stable temporal accumulation]]
[2019.10.29-00.46.27:047][  0]LogConfig: Setting CVar [[r.DOF.Kernel.MaxForegroundRadius:0.025]]
[2019.10.29-00.46.27:048][  0]LogConfig: Setting CVar [[r.DOF.Kernel.MaxBackgroundRadius:0.025]]
[2019.10.29-00.46.27:049][  0]LogConfig: Applying CVar settings from Section [TextureQuality@3] File [C:/Users/bitcamp/Desktop/SuperCool 10월 28일 10시/SuperCool/Saved/Config/Windows/Scalability.ini]
[2019.10.29-00.46.27:049][  0]LogConfig: Setting CVar [[r.Streaming.MipBias:0]]
[2019.10.29-00.46.27:050][  0]LogConfig: Setting CVar [[r.Streaming.AmortizeCPUToGPUCopy:0]]
[2019.10.29-00.46.27:051][  0]LogConfig: Setting CVar [[r.Streaming.MaxNumTexturesToStreamPerFrame:0]]
[2019.10.29-00.46.27:051][  0]LogConfig: Setting CVar [[r.Streaming.Boost:1]]
[2019.10.29-00.46.27:052][  0]LogConfig: Setting CVar [[r.MaxAnisotropy:8]]
[2019.10.29-00.46.27:057][  0]LogConfig: Setting CVar [[r.Streaming.LimitPoolSizeToVRAM:0]]
[2019.10.29-00.46.27:058][  0]LogConfig: Setting CVar [[r.Streaming.PoolSize:1000]]
[2019.10.29-00.46.27:059][  0]LogConfig: Setting CVar [[r.Streaming.MaxEffectiveScreenSize:0]]
[2019.10.29-00.46.27:059][  0]LogConfig: Applying CVar settings from Section [EffectsQuality@3] File [C:/Users/bitcamp/Desktop/SuperCool 10월 28일 10시/SuperCool/Saved/Config/Windows/Scalability.ini]
[2019.10.29-00.46.27:060][  0]LogConfig: Setting CVar [[r.TranslucencyLightingVolumeDim:64]]
[2019.10.29-00.46.27:061][  0]LogConfig: Setting CVar [[r.RefractionQuality:2]]
[2019.10.29-00.46.27:062][  0]LogConfig: Setting CVar [[r.SSR.Quality:3]]
[2019.10.29-00.46.27:062][  0]LogConfig: Setting CVar [[r.SceneColorFormat:4]]
[2019.10.29-00.46.27:063][  0]LogConfig: Setting CVar [[r.DetailMode:2]]
[2019.10.29-00.46.27:064][  0]LogConfig: Setting CVar [[r.TranslucencyVolumeBlur:1]]
[2019.10.29-00.46.27:065][  0]LogConfig: Setting CVar [[r.MaterialQualityLevel:1 ; High quality]]
[2019.10.29-00.46.27:065][  0]LogConfig: Setting CVar [[r.SSS.Scale:1]]
[2019.10.29-00.46.27:066][  0]LogConfig: Setting CVar [[r.SSS.SampleSet:2]]
[2019.10.29-00.46.27:067][  0]LogConfig: Setting CVar [[r.SSS.Quality:1]]
[2019.10.29-00.46.27:068][  0]LogConfig: Setting CVar [[r.SSS.HalfRes:1]]
[2019.10.29-00.46.27:069][  0]LogConfig: Setting CVar [[r.EmitterSpawnRateScale:1.0]]
[2019.10.29-00.46.27:070][  0]LogConfig: Setting CVar [[r.ParticleLightQuality:2]]
[2019.10.29-00.46.27:070][  0]LogConfig: Applying CVar settings from Section [FoliageQuality@3] File [C:/Users/bitcamp/Desktop/SuperCool 10월 28일 10시/SuperCool/Saved/Config/Windows/Scalability.ini]
[2019.10.29-00.46.27:071][  0]LogConfig: Setting CVar [[foliage.DensityScale:1.0]]
[2019.10.29-00.46.27:073][  0]LogConfig: Setting CVar [[grass.DensityScale:1.0]]
[2019.10.29-00.46.27:074][  0]LogInit: Selected Device Profile: [Windows]
[2019.10.29-00.46.27:078][  0]LogInit: Applying CVar settings loaded from the selected device profile: [Windows]
[2019.10.29-00.46.27:092][  0]LogHAL: Display: Platform has ~ 32 GB [34122735616 / 34359738368 / 32], which maps to Largest [LargestMinGB=32, LargerMinGB=12, DefaultMinGB=8, SmallerMinGB=6, SmallestMinGB=0)
[2019.10.29-00.46.27:096][  0]LogInit: Going up to parent DeviceProfile []
[2019.10.29-00.46.27:097][  0]LogConfig: Applying CVar settings from Section [ViewDistanceQuality@3] File [C:/Users/bitcamp/Desktop/SuperCool 10월 28일 10시/SuperCool/Saved/Config/Windows/Scalability.ini]
[2019.10.29-00.46.27:098][  0]LogConfig: Setting CVar [[r.SkeletalMeshLODBias:0]]
[2019.10.29-00.46.27:099][  0]LogConfig: Setting CVar [[r.ViewDistanceScale:1.0]]
[2019.10.29-00.46.27:099][  0]LogConfig: Applying CVar settings from Section [AntiAliasingQuality@3] File [C:/Users/bitcamp/Desktop/SuperCool 10월 28일 10시/SuperCool/Saved/Config/Windows/Scalability.ini]
[2019.10.29-00.46.27:100][  0]LogConfig: Setting CVar [[r.PostProcessAAQuality:4]]
[2019.10.29-00.46.27:101][  0]LogConfig: Applying CVar settings from Section [ShadowQuality@3] File [C:/Users/bitcamp/Desktop/SuperCool 10월 28일 10시/SuperCool/Saved/Config/Windows/Scalability.ini]
[2019.10.29-00.46.27:102][  0]LogConfig: Setting CVar [[r.LightFunctionQuality:1]]
[2019.10.29-00.46.27:102][  0]LogConfig: Setting CVar [[r.ShadowQuality:5]]
[2019.10.29-00.46.27:103][  0]LogConfig: Setting CVar [[r.Shadow.CSM.MaxCascades:10]]
[2019.10.29-00.46.27:104][  0]LogConfig: Setting CVar [[r.Shadow.MaxResolution:2048]]
[2019.10.29-00.46.27:105][  0]LogConfig: Setting CVar [[r.Shadow.MaxCSMResolution:2048]]
[2019.10.29-00.46.27:105][  0]LogConfig: Setting CVar [[r.Shadow.RadiusThreshold:0.01]]
[2019.10.29-00.46.27:109][  0]LogConfig: Setting CVar [[r.Shadow.DistanceScale:1.0]]
[2019.10.29-00.46.27:112][  0]LogConfig: Setting CVar [[r.Shadow.CSM.TransitionScale:1.0]]
[2019.10.29-00.46.27:113][  0]LogConfig: Setting CVar [[r.Shadow.PreShadowResolutionFactor:1.0]]
[2019.10.29-00.46.27:113][  0]LogConfig: Setting CVar [[r.DistanceFieldShadowing:1]]
[2019.10.29-00.46.27:114][  0]LogConfig: Setting CVar [[r.DistanceFieldAO:1]]
[2019.10.29-00.46.27:115][  0]LogConfig: Setting CVar [[r.AOQuality:2]]
[2019.10.29-00.46.27:116][  0]LogConfig: Setting CVar [[r.VolumetricFog:1]]
[2019.10.29-00.46.27:117][  0]LogConfig: Setting CVar [[r.VolumetricFog.GridPixelSize:8]]
[2019.10.29-00.46.27:118][  0]LogConfig: Setting CVar [[r.VolumetricFog.GridSizeZ:128]]
[2019.10.29-00.46.27:118][  0]LogConfig: Setting CVar [[r.VolumetricFog.HistoryMissSupersampleCount:4]]
[2019.10.29-00.46.27:119][  0]LogConfig: Setting CVar [[r.LightMaxDrawDistanceScale:1]]
[2019.10.29-00.46.27:121][  0]LogConfig: Setting CVar [[r.CapsuleShadows:1]]
[2019.10.29-00.46.27:122][  0]LogConfig: Applying CVar settings from Section [PostProcessQuality@3] File [C:/Users/bitcamp/Desktop/SuperCool 10월 28일 10시/SuperCool/Saved/Config/Windows/Scalability.ini]
[2019.10.29-00.46.27:123][  0]LogConfig: Setting CVar [[r.MotionBlurQuality:4]]
[2019.10.29-00.46.27:124][  0]LogConfig: Setting CVar [[r.AmbientOcclusionMipLevelFactor:0.4]]
[2019.10.29-00.46.27:125][  0]LogConfig: Setting CVar [[r.AmbientOcclusionMaxQuality:100]]
[2019.10.29-00.46.27:125][  0]LogConfig: Setting CVar [[r.AmbientOcclusionLevels:-1]]
[2019.10.29-00.46.27:126][  0]LogConfig: Setting CVar [[r.AmbientOcclusionRadiusScale:1.0]]
[2019.10.29-00.46.27:127][  0]LogConfig: Setting CVar [[r.DepthOfFieldQuality:2]]
[2019.10.29-00.46.27:127][  0]LogConfig: Setting CVar [[r.RenderTargetPoolMin:400]]
[2019.10.29-00.46.27:128][  0]LogConfig: Setting CVar [[r.LensFlareQuality:2]]
[2019.10.29-00.46.27:129][  0]LogConfig: Setting CVar [[r.SceneColorFringeQuality:1]]
[2019.10.29-00.46.27:129][  0]LogConfig: Setting CVar [[r.EyeAdaptationQuality:2]]
[2019.10.29-00.46.27:130][  0]LogConfig: Setting CVar [[r.BloomQuality:5]]
[2019.10.29-00.46.27:131][  0]LogConfig: Setting CVar [[r.FastBlurThreshold:100]]
[2019.10.29-00.46.27:131][  0]LogConfig: Setting CVar [[r.Upscale.Quality:3]]
[2019.10.29-00.46.27:135][  0]LogConfig: Setting CVar [[r.Tonemapper.GrainQuantization:1]]
[2019.10.29-00.46.27:139][  0]LogConfig: Setting CVar [[r.LightShaftQuality:1]]
[2019.10.29-00.46.27:140][  0]LogConfig: Setting CVar [[r.Filter.SizeScale:1]]
[2019.10.29-00.46.27:141][  0]LogConfig: Setting CVar [[r.Tonemapper.Quality:5]]
[2019.10.29-00.46.27:141][  0]LogConfig: Setting CVar [[r.DOF.Gather.AccumulatorQuality:1        ; higher gathering accumulator quality]]
[2019.10.29-00.46.27:143][  0]LogConfig: Setting CVar [[r.DOF.Gather.PostfilterMethod:1          ; Median3x3 postfilering method]]
[2019.10.29-00.46.27:144][  0]LogConfig: Setting CVar [[r.DOF.Gather.EnableBokehSettings:0       ; no bokeh simulation when gathering]]
[2019.10.29-00.46.27:145][  0]LogConfig: Setting CVar [[r.DOF.Gather.RingCount:4                 ; medium number of samples when gathering]]
[2019.10.29-00.46.27:145][  0]LogConfig: Setting CVar [[r.DOF.Scatter.ForegroundCompositing:1    ; additive foreground scattering]]
[2019.10.29-00.46.27:146][  0]LogConfig: Setting CVar [[r.DOF.Scatter.BackgroundCompositing:2    ; additive background scattering]]
[2019.10.29-00.46.27:147][  0]LogConfig: Setting CVar [[r.DOF.Scatter.EnableBokehSettings:1      ; bokeh simulation when scattering]]
[2019.10.29-00.46.27:148][  0]LogConfig: Setting CVar [[r.DOF.Scatter.MaxSpriteRatio:0.1         ; only a maximum of 10% of scattered bokeh]]
[2019.10.29-00.46.27:149][  0]LogConfig: Setting CVar [[r.DOF.Recombine.Quality:1                ; cheap slight out of focus]]
[2019.10.29-00.46.27:149][  0]LogConfig: Setting CVar [[r.DOF.Recombine.EnableBokehSettings:0    ; no bokeh simulation on slight out of focus]]
[2019.10.29-00.46.27:150][  0]LogConfig: Setting CVar [[r.DOF.TemporalAAQuality:1                ; more stable temporal accumulation]]
[2019.10.29-00.46.27:151][  0]LogConfig: Setting CVar [[r.DOF.Kernel.MaxForegroundRadius:0.025]]
[2019.10.29-00.46.27:151][  0]LogConfig: Setting CVar [[r.DOF.Kernel.MaxBackgroundRadius:0.025]]
[2019.10.29-00.46.27:152][  0]LogConfig: Applying CVar settings from Section [TextureQuality@3] File [C:/Users/bitcamp/Desktop/SuperCool 10월 28일 10시/SuperCool/Saved/Config/Windows/Scalability.ini]
[2019.10.29-00.46.27:153][  0]LogConfig: Setting CVar [[r.Streaming.MipBias:0]]
[2019.10.29-00.46.27:153][  0]LogConfig: Setting CVar [[r.Streaming.AmortizeCPUToGPUCopy:0]]
[2019.10.29-00.46.27:154][  0]LogConfig: Setting CVar [[r.Streaming.MaxNumTexturesToStreamPerFrame:0]]
[2019.10.29-00.46.27:155][  0]LogConfig: Setting CVar [[r.Streaming.Boost:1]]
[2019.10.29-00.46.27:155][  0]LogConfig: Setting CVar [[r.MaxAnisotropy:8]]
[2019.10.29-00.46.27:156][  0]LogConfig: Setting CVar [[r.Streaming.LimitPoolSizeToVRAM:0]]
[2019.10.29-00.46.27:156][  0]LogConfig: Setting CVar [[r.Streaming.PoolSize:1000]]
[2019.10.29-00.46.27:157][  0]LogConfig: Setting CVar [[r.Streaming.MaxEffectiveScreenSize:0]]
[2019.10.29-00.46.27:161][  0]LogConfig: Applying CVar settings from Section [EffectsQuality@3] File [C:/Users/bitcamp/Desktop/SuperCool 10월 28일 10시/SuperCool/Saved/Config/Windows/Scalability.ini]
[2019.10.29-00.46.27:162][  0]LogConfig: Setting CVar [[r.TranslucencyLightingVolumeDim:64]]
[2019.10.29-00.46.27:162][  0]LogConfig: Setting CVar [[r.RefractionQuality:2]]
[2019.10.29-00.46.27:163][  0]LogConfig: Setting CVar [[r.SSR.Quality:3]]
[2019.10.29-00.46.27:164][  0]LogConfig: Setting CVar [[r.SceneColorFormat:4]]
[2019.10.29-00.46.27:165][  0]LogConfig: Setting CVar [[r.DetailMode:2]]
[2019.10.29-00.46.27:165][  0]LogConfig: Setting CVar [[r.TranslucencyVolumeBlur:1]]
[2019.10.29-00.46.27:166][  0]LogConfig: Setting CVar [[r.MaterialQualityLevel:1 ; High quality]]
[2019.10.29-00.46.27:167][  0]LogConfig: Setting CVar [[r.SSS.Scale:1]]
[2019.10.29-00.46.27:167][  0]LogConfig: Setting CVar [[r.SSS.SampleSet:2]]
[2019.10.29-00.46.27:168][  0]LogConfig: Setting CVar [[r.SSS.Quality:1]]
[2019.10.29-00.46.27:169][  0]LogConfig: Setting CVar [[r.SSS.HalfRes:1]]
[2019.10.29-00.46.27:169][  0]LogConfig: Setting CVar [[r.EmitterSpawnRateScale:1.0]]
[2019.10.29-00.46.27:170][  0]LogConfig: Setting CVar [[r.ParticleLightQuality:2]]
[2019.10.29-00.46.27:171][  0]LogConfig: Applying CVar settings from Section [FoliageQuality@3] File [C:/Users/bitcamp/Desktop/SuperCool 10월 28일 10시/SuperCool/Saved/Config/Windows/Scalability.ini]
[2019.10.29-00.46.27:171][  0]LogConfig: Setting CVar [[foliage.DensityScale:1.0]]
[2019.10.29-00.46.27:172][  0]LogConfig: Setting CVar [[grass.DensityScale:1.0]]
[2019.10.29-00.46.27:173][  0]LogConfig: Applying CVar settings from Section [Startup] File [../../../Engine/Config/ConsoleVariables.ini]
[2019.10.29-00.46.27:174][  0]LogConfig: Setting CVar [[net.UseAdaptiveNetUpdateFrequency:0]]
[2019.10.29-00.46.27:175][  0]LogConfig: Setting CVar [[p.chaos.AllowCreatePhysxBodies:1]]
[2019.10.29-00.46.27:176][  0]LogConfig: Applying CVar settings from Section [ConsoleVariables] File [C:/Users/bitcamp/Desktop/SuperCool 10월 28일 10시/SuperCool/Saved/Config/Windows/Engine.ini]
[2019.10.29-00.46.27:177][  0]LogInit: Computer: BIT
[2019.10.29-00.46.27:178][  0]LogInit: User: bitcamp
[2019.10.29-00.46.27:179][  0]LogInit: CPU Page size=4096, Cores=6
[2019.10.29-00.46.27:179][  0]LogInit: High frequency timer resolution =10.000000 MHz
[2019.10.29-00.46.27:181][  0]LogMemory: Memory total: Physical=31.8GB (32GB approx)
[2019.10.29-00.46.27:184][  0]LogMemory: Platform Memory Stats for Windows
[2019.10.29-00.46.27:185][  0]LogMemory: Process Physical Memory: 107.95 MB used, 107.96 MB peak
[2019.10.29-00.46.27:191][  0]LogMemory: Process Virtual Memory: 104.24 MB used, 104.24 MB peak
[2019.10.29-00.46.27:193][  0]LogMemory: Physical Memory: 11133.75 MB used,  21408.23 MB free, 32541.98 MB total
[2019.10.29-00.46.27:197][  0]LogMemory: Virtual Memory: 4730.30 MB used,  134213000.00 MB free, 134217728.00 MB total
[2019.10.29-00.46.27:223][  0]LogWindows: WindowsPlatformFeatures enabled
[2019.10.29-00.46.28:009][  0]LogInit: Using OS detected language (ko-KR).
[2019.10.29-00.46.28:009][  0]LogInit: Using OS detected locale (ko-KR).
[2019.10.29-00.46.28:066][  0]LogTextLocalizationManager: No specific localization for 'ko-KR' exists, so the 'ko' localization will be used.
[2019.10.29-00.46.29:012][  0]LogInit: Setting process to per monitor DPI aware
[2019.10.29-00.46.29:847][  0]LogSlate: New Slate User Created.  User Index 0, Is Virtual User: 0
[2019.10.29-00.46.29:848][  0]LogSlate: Slate User Registered.  User Index 0, Is Virtual User: 0
[2019.10.29-00.46.39:016][  0]LogHMD: Failed to initialize OpenVR with code 117
[2019.10.29-00.46.39:016][  0]LogD3D11RHI: D3D11 adapters:
[2019.10.29-00.46.39:057][  0]LogD3D11RHI:    0. 'Intel(R) UHD Graphics 630' (Feature Level 11_0)
[2019.10.29-00.46.39:057][  0]LogD3D11RHI:       128/0/16270 MB DedicatedVideo/DedicatedSystem/SharedSystem, Outputs:1, VendorId:0x8086
[2019.10.29-00.46.40:041][  0]LogD3D11RHI:    1. 'NVIDIA GeForce RTX 2080' (Feature Level 11_0)
[2019.10.29-00.46.40:041][  0]LogD3D11RHI:       8010/0/16270 MB DedicatedVideo/DedicatedSystem/SharedSystem, Outputs:0, VendorId:0x10de
[2019.10.29-00.46.40:044][  0]LogD3D11RHI:    2. 'Microsoft Basic Render Driver' (Feature Level 11_0)
[2019.10.29-00.46.40:044][  0]LogD3D11RHI:       0/0/16270 MB DedicatedVideo/DedicatedSystem/SharedSystem, Outputs:0, VendorId:0x1414
[2019.10.29-00.46.40:044][  0]LogD3D11RHI: Chosen D3D11 Adapter: 1
[2019.10.29-00.46.40:086][  0]LogD3D11RHI: Creating new Direct3DDevice
[2019.10.29-00.46.40:086][  0]LogD3D11RHI:     GPU DeviceId: 0x1e82 (for the marketing name, search the web for "GPU Device Id")
[2019.10.29-00.46.40:086][  0]LogWindows: EnumDisplayDevices:
[2019.10.29-00.46.40:088][  0]LogWindows:    0. 'NVIDIA GeForce RTX 2080' (P:0 D:0)
[2019.10.29-00.46.40:090][  0]LogWindows:    1. 'NVIDIA GeForce RTX 2080' (P:0 D:0)
[2019.10.29-00.46.40:093][  0]LogWindows:    2. 'NVIDIA GeForce RTX 2080' (P:0 D:0)
[2019.10.29-00.46.40:100][  0]LogWindows:    3. 'NVIDIA GeForce RTX 2080' (P:0 D:0)
[2019.10.29-00.46.40:101][  0]LogWindows:    4. 'Intel(R) UHD Graphics 630' (P:1 D:1)
[2019.10.29-00.46.40:102][  0]LogWindows:    5. 'Intel(R) UHD Graphics 630' (P:0 D:0)
[2019.10.29-00.46.40:103][  0]LogWindows:    6. 'Intel(R) UHD Graphics 630' (P:0 D:0)
[2019.10.29-00.46.40:113][  0]LogWindows: DebugString: PrimaryIsNotTheChoosenAdapter PrimaryIsNotTheChoosenAdapter PrimaryIsNotTheChoosenAdapter FoundDriverCount:4 
[2019.10.29-00.46.40:113][  0]LogD3D11RHI:     Adapter Name: NVIDIA GeForce RTX 2080
[2019.10.29-00.46.40:114][  0]LogD3D11RHI:   Driver Version: 431.60 (internal:26.21.14.3160, unified:431.60)
[2019.10.29-00.46.40:116][  0]LogD3D11RHI:      Driver Date: 7-17-2019
[2019.10.29-00.46.40:120][  0]LogRHI: Texture pool is 5607 MB (70% of 8010 MB)
[2019.10.29-00.46.40:751][  0]LogD3D11RHI: Async texture creation enabled
[2019.10.29-00.46.40:872][  0]LogD3D11RHI: GPU Timing Frequency: 1000.000000 (Debug: 2 3)
